2025-12-18 13:57:04,950 - INFO - [resad_tabular.py:63] - === ResAD Tabular Experiment Started ===
2025-12-18 13:57:04,950 - INFO - [resad_tabular.py:64] - Log file: logs\resad_tabular_20251218_135704.log
2025-12-18 13:57:04,952 - INFO - [resad_tabular.py:75] - Using device: cpu
2025-12-18 13:57:04,952 - INFO - [resad_tabular.py:76] - Experiment mode: single_domain
2025-12-18 13:57:04,952 - INFO - [resad_tabular.py:79] - Loading datasets...
2025-12-18 13:57:04,952 - INFO - [resad_tabular.py:84] - Single domain experiment on dataset: breastw
2025-12-18 13:57:04,961 - INFO - [resad_tabular.py:94] - Dataset Information:
2025-12-18 13:57:04,961 - INFO - [resad_tabular.py:95] - Train: {'dataset_name': 'breastw', 'split': 'train', 'shape': (478, 9), 'anomaly_ratio': '0.349', 'normal_samples': np.int64(311), 'anomaly_samples': np.int64(167), 'feature_names': ['feature_0', 'feature_1', 'feature_2', 'feature_3', 'feature_4', '...'], 'normalized': True, 'categorical_features': 0}
2025-12-18 13:57:04,962 - INFO - [resad_tabular.py:96] - Test: {'dataset_name': 'breastw', 'split': 'test', 'shape': (205, 9), 'anomaly_ratio': '0.351', 'normal_samples': np.int64(133), 'anomaly_samples': np.int64(72), 'feature_names': ['feature_0', 'feature_1', 'feature_2', 'feature_3', 'feature_4', '...'], 'normalized': True, 'categorical_features': 0}
2025-12-18 13:57:04,962 - INFO - [resad_tabular.py:132] - Initializing ResAD model...
2025-12-18 13:57:04,962 - INFO - [resad_tabular.py:133] - Model configuration:
2025-12-18 13:57:04,962 - INFO - [resad_tabular.py:134] -   - Feature extractor: padding
2025-12-18 13:57:04,962 - INFO - [resad_tabular.py:136] -   - Padding mode: zero
2025-12-18 13:57:04,962 - INFO - [resad_tabular.py:137] -   - Use multiscale: False
2025-12-18 13:57:04,962 - INFO - [resad_tabular.py:138] -   - Constraintor type: residual
2025-12-18 13:57:04,962 - INFO - [resad_tabular.py:139] -   - Estimator type: normal
2025-12-18 13:57:04,962 - INFO - [resad_tabular.py:140] -   - Training epochs: 2
2025-12-18 13:57:04,962 - INFO - [resad_tabular.py:141] -   - Learning rate: 0.001
2025-12-18 13:57:04,963 - INFO - [resad_tabular.py:146] - Starting model training...
2025-12-18 13:57:27,038 - INFO - [resad_model.py:195] - Fitting feature extractor with 311 normal samples
2025-12-18 13:57:27,038 - INFO - [resad_model.py:115] - Fitting TabPFN feature extractor with 311 training samples
2025-12-18 13:57:27,039 - INFO - [resad_model.py:120] - Initializing constraintor and estimator modules
2025-12-18 13:57:27,055 - INFO - [resad_model.py:123] - Feature extractor fitted. Embedding dimension: 192
2025-12-18 13:57:27,055 - INFO - [resad_model.py:197] - Feature extractor fitted successfully
2025-12-18 13:57:27,055 - INFO - [resad_model.py:200] - Pre-computing embeddings for training data...
2025-12-18 13:57:48,383 - INFO - [resad_model.py:211] - Batch 0: features shape=(64, 9), embeddings shape=torch.Size([64, 192]), labels shape=(64,)
2025-12-18 13:57:48,384 - INFO - [resad_model.py:211] - Batch 1: features shape=(64, 9), embeddings shape=torch.Size([64, 192]), labels shape=(64,)
2025-12-18 13:57:48,385 - INFO - [resad_model.py:211] - Batch 2: features shape=(64, 9), embeddings shape=torch.Size([64, 192]), labels shape=(64,)
2025-12-18 13:57:48,387 - INFO - [resad_model.py:211] - Batch 3: features shape=(64, 9), embeddings shape=torch.Size([64, 192]), labels shape=(64,)
2025-12-18 13:57:48,387 - INFO - [resad_model.py:211] - Batch 4: features shape=(64, 9), embeddings shape=torch.Size([64, 192]), labels shape=(64,)
2025-12-18 13:57:48,388 - INFO - [resad_model.py:211] - Batch 5: features shape=(64, 9), embeddings shape=torch.Size([64, 192]), labels shape=(64,)
2025-12-18 13:57:48,389 - INFO - [resad_model.py:211] - Batch 6: features shape=(64, 9), embeddings shape=torch.Size([64, 192]), labels shape=(64,)
2025-12-18 13:57:48,389 - INFO - [resad_model.py:211] - Batch 7: features shape=(30, 9), embeddings shape=torch.Size([30, 192]), labels shape=(30,)
2025-12-18 13:57:49,270 - INFO - [resad_model.py:219] - Total embeddings shape: torch.Size([478, 192])
2025-12-18 13:57:49,271 - INFO - [resad_model.py:220] - Total labels shape: torch.Size([478])
2025-12-18 13:57:49,271 - INFO - [resad_model.py:221] - Total samples: embeddings=478, labels=478
2025-12-18 13:57:49,279 - INFO - [resad_model.py:227] - Normal embeddings shape for constraintor training: torch.Size([311, 192])
2025-12-18 13:57:49,279 - INFO - [resad_model.py:230] - Starting feature constraintor training...
2025-12-18 13:57:51,344 - INFO - [resad_model.py:287] - Feature constraintor training completed
2025-12-18 13:57:51,344 - INFO - [resad_model.py:290] - Starting distribution estimator fitting...
2025-12-18 13:57:51,367 - INFO - [resad_model.py:301] - Distribution estimator fitted successfully
2025-12-18 13:57:51,367 - INFO - [resad_model.py:304] - ResAD training completed successfully!
2025-12-18 13:57:51,367 - INFO - [resad_tabular.py:150] - Evaluating model on test set...
2025-12-18 13:57:51,368 - INFO - [resad_model.py:366] - Predicting anomaly scores for DataLoader batches
2025-12-18 13:58:13,308 - INFO - [resad_model.py:373] - Predicted scores for 205 total samples
2025-12-18 13:58:35,347 - INFO - [resad_tabular.py:168] - === EXPERIMENT RESULTS ===
2025-12-18 13:58:35,347 - INFO - [resad_tabular.py:169] - AUC (Area Under ROC Curve): 0.0109
2025-12-18 13:58:35,348 - INFO - [resad_tabular.py:170] - AP (Average Precision): 0.2039
2025-12-18 13:58:35,348 - INFO - [resad_tabular.py:171] - Accuracy: 0.1512
2025-12-18 13:58:35,348 - INFO - [resad_tabular.py:172] - Test samples: 205
2025-12-18 13:58:35,348 - INFO - [resad_tabular.py:173] - Anomaly ratio: 0.351
