2025-12-18 12:34:42,895 - INFO - [resad_tabular.py:63] - === ResAD Tabular Experiment Started ===
2025-12-18 12:34:42,896 - INFO - [resad_tabular.py:64] - Log file: logs\resad_tabular_20251218_123442.log
2025-12-18 12:34:42,898 - INFO - [resad_tabular.py:75] - Using device: cpu
2025-12-18 12:34:42,898 - INFO - [resad_tabular.py:76] - Experiment mode: cross_domain
2025-12-18 12:34:42,898 - INFO - [resad_tabular.py:79] - Loading datasets...
2025-12-18 12:34:42,898 - INFO - [resad_tabular.py:105] - Cross domain experiment:
2025-12-18 12:34:42,898 - INFO - [resad_tabular.py:106] -   Source datasets: ['wdbc']
2025-12-18 12:34:42,900 - INFO - [resad_tabular.py:107] -   Target dataset: breastw
2025-12-18 12:34:42,910 - INFO - [resad_tabular.py:118] - Dataset Information:
2025-12-18 12:34:42,910 - INFO - [resad_tabular.py:119] - Train (source combined): {'dataset_name': 'wdbc', 'split': 'train', 'shape': (256, 30), 'anomaly_ratio': '0.027', 'normal_samples': np.int64(249), 'anomaly_samples': np.int64(7), 'feature_names': ['feature_0', 'feature_1', 'feature_2', 'feature_3', 'feature_4', '...'], 'normalized': True, 'categorical_features': 0}
2025-12-18 12:34:42,910 - INFO - [resad_tabular.py:120] - Test (target): {'dataset_name': 'breastw', 'split': 'test', 'shape': (205, 9), 'anomaly_ratio': '0.351', 'normal_samples': np.int64(133), 'anomaly_samples': np.int64(72), 'feature_names': ['feature_0', 'feature_1', 'feature_2', 'feature_3', 'feature_4', '...'], 'normalized': True, 'categorical_features': 0}
2025-12-18 12:34:42,911 - INFO - [resad_tabular.py:132] - Initializing ResAD model...
2025-12-18 12:34:42,911 - INFO - [resad_tabular.py:133] - Model configuration:
2025-12-18 12:34:42,911 - INFO - [resad_tabular.py:134] -   - Feature extractor: padding
2025-12-18 12:34:42,911 - INFO - [resad_tabular.py:136] -   - Padding mode: zero
2025-12-18 12:34:42,911 - INFO - [resad_tabular.py:137] -   - Use multiscale: False
2025-12-18 12:34:42,911 - INFO - [resad_tabular.py:138] -   - Constraintor type: residual
2025-12-18 12:34:42,911 - INFO - [resad_tabular.py:139] -   - Estimator type: normal
2025-12-18 12:34:42,911 - INFO - [resad_tabular.py:140] -   - Training epochs: 2
2025-12-18 12:34:42,911 - INFO - [resad_tabular.py:141] -   - Learning rate: 0.001
2025-12-18 12:34:42,911 - INFO - [resad_tabular.py:145] - Starting model training...
2025-12-18 12:35:07,034 - INFO - [resad_model.py:192] - Fitting feature extractor with 249 normal samples
2025-12-18 12:35:07,034 - INFO - [resad_model.py:115] - Fitting TabPFN feature extractor with 249 training samples
2025-12-18 12:35:07,035 - INFO - [resad_model.py:120] - Initializing constraintor and estimator modules
2025-12-18 12:35:07,040 - INFO - [resad_model.py:123] - Feature extractor fitted. Embedding dimension: 192
2025-12-18 12:35:07,040 - INFO - [resad_model.py:194] - Feature extractor fitted successfully
2025-12-18 12:35:07,040 - INFO - [resad_model.py:197] - Pre-computing embeddings for training data...
2025-12-18 12:35:30,400 - INFO - [resad_model.py:208] - Batch 0: features shape=(64, 30), embeddings shape=torch.Size([64, 192]), labels shape=(64,)
2025-12-18 12:35:30,401 - INFO - [resad_model.py:208] - Batch 1: features shape=(64, 30), embeddings shape=torch.Size([64, 192]), labels shape=(64,)
2025-12-18 12:35:30,403 - INFO - [resad_model.py:208] - Batch 2: features shape=(64, 30), embeddings shape=torch.Size([64, 192]), labels shape=(64,)
2025-12-18 12:35:30,403 - INFO - [resad_model.py:208] - Batch 3: features shape=(64, 30), embeddings shape=torch.Size([64, 192]), labels shape=(64,)
2025-12-18 12:35:31,335 - INFO - [resad_model.py:216] - Total embeddings shape: torch.Size([256, 192])
2025-12-18 12:35:31,336 - INFO - [resad_model.py:217] - Total labels shape: torch.Size([256])
2025-12-18 12:35:31,336 - INFO - [resad_model.py:218] - Total samples: embeddings=256, labels=256
2025-12-18 12:35:31,336 - INFO - [resad_model.py:224] - Normal embeddings shape for constraintor training: torch.Size([249, 192])
2025-12-18 12:35:31,336 - INFO - [resad_model.py:227] - Starting feature constraintor training...
2025-12-18 12:35:33,469 - INFO - [resad_model.py:284] - Feature constraintor training completed
2025-12-18 12:35:33,470 - INFO - [resad_model.py:287] - Starting distribution estimator fitting...
2025-12-18 12:35:33,475 - INFO - [resad_model.py:296] - Distribution estimator fitted successfully
2025-12-18 12:35:33,475 - INFO - [resad_model.py:299] - ResAD training completed successfully!
2025-12-18 12:35:33,475 - INFO - [resad_tabular.py:149] - Evaluating model on test set...
2025-12-18 12:35:33,476 - INFO - [resad_model.py:361] - Predicting anomaly scores for DataLoader batches
2025-12-18 12:35:56,912 - INFO - [resad_model.py:368] - Predicted scores for 205 total samples
2025-12-18 12:36:20,209 - INFO - [resad_tabular.py:167] - === EXPERIMENT RESULTS ===
2025-12-18 12:36:20,209 - INFO - [resad_tabular.py:168] - AUC (Area Under ROC Curve): 0.9486
2025-12-18 12:36:20,209 - INFO - [resad_tabular.py:169] - AP (Average Precision): 0.9292
2025-12-18 12:36:20,209 - INFO - [resad_tabular.py:170] - Accuracy: 0.8244
2025-12-18 12:36:20,209 - INFO - [resad_tabular.py:171] - Test samples: 205
2025-12-18 12:36:20,209 - INFO - [resad_tabular.py:172] - Anomaly ratio: 0.351
2025-12-18 12:36:20,230 - INFO - [resad_tabular.py:250] - Results saved to: results\results_cross_wdbc_to_breastw_20251218_123620.json
2025-12-18 12:36:20,230 - INFO - [resad_tabular.py:251] - Summary saved to: results\results.csv
2025-12-18 12:36:20,230 - INFO - [resad_tabular.py:252] - === EXPERIMENT COMPLETED ===
