2025-12-18 12:57:34,839 - INFO - [resad_tabular_embedding.py:58] - === ResAD Tabular Embedding Experiment Started ===
2025-12-18 12:57:34,839 - INFO - [resad_tabular_embedding.py:59] - Log file: logs\resad_embedding_20251218_125734.log
2025-12-18 12:57:34,842 - INFO - [resad_tabular_embedding.py:224] - Using device: cpu
2025-12-18 12:57:34,842 - INFO - [resad_tabular_embedding.py:225] - Experiment mode: cross_domain
2025-12-18 12:57:34,842 - INFO - [resad_tabular_embedding.py:228] - Loading pre-computed embeddings...
2025-12-18 12:57:34,842 - INFO - [resad_tabular_embedding.py:247] - Cross domain experiment:
2025-12-18 12:57:34,842 - INFO - [resad_tabular_embedding.py:248] -   Source datasets: ['wine', 'glass']
2025-12-18 12:57:34,842 - INFO - [resad_tabular_embedding.py:249] -   Target dataset: breastw
2025-12-18 12:57:34,843 - INFO - [resad_tabular_embedding.py:259] -   wine: (83, 192)
2025-12-18 12:57:34,843 - INFO - [resad_tabular_embedding.py:259] -   glass: (143, 192)
2025-12-18 12:57:34,845 - INFO - [resad_tabular_embedding.py:278] - Combined train embeddings: (226, 192)
2025-12-18 12:57:34,845 - INFO - [resad_tabular_embedding.py:279] - Target test embeddings: (205, 192)
2025-12-18 12:57:34,846 - INFO - [resad_tabular_embedding.py:289] - Initializing ResAD embedding model...
2025-12-18 12:57:34,846 - INFO - [resad_tabular_embedding.py:290] - Model configuration:
2025-12-18 12:57:34,846 - INFO - [resad_tabular_embedding.py:291] -   - Constraintor type: residual
2025-12-18 12:57:34,846 - INFO - [resad_tabular_embedding.py:292] -   - Estimator type: normal
2025-12-18 12:57:34,846 - INFO - [resad_tabular_embedding.py:293] -   - Training epochs: 20
2025-12-18 12:57:34,846 - INFO - [resad_tabular_embedding.py:294] -   - Learning rate: 0.001
2025-12-18 12:57:34,851 - INFO - [resad_tabular_embedding.py:299] - Starting model training...
2025-12-18 12:57:34,860 - INFO - [resad_tabular_embedding.py:142] - Training on 213 normal samples
2025-12-18 12:57:34,860 - INFO - [resad_tabular_embedding.py:149] - Training feature constraintor...
2025-12-18 12:57:37,046 - INFO - [resad_tabular_embedding.py:175] - Constraintor training completed
2025-12-18 12:57:37,046 - INFO - [resad_tabular_embedding.py:178] - Fitting distribution estimator...
2025-12-18 12:57:37,069 - INFO - [resad_tabular_embedding.py:183] - Distribution estimator fitted
2025-12-18 12:57:37,069 - INFO - [resad_tabular_embedding.py:186] - ResAD embedding training completed!
2025-12-18 12:57:37,070 - INFO - [resad_tabular_embedding.py:303] - Evaluating model on test set...
2025-12-18 12:57:37,083 - INFO - [resad_tabular_embedding.py:321] - === EXPERIMENT RESULTS ===
2025-12-18 12:57:37,083 - INFO - [resad_tabular_embedding.py:322] - AUC (Area Under ROC Curve): 0.1864
2025-12-18 12:57:37,083 - INFO - [resad_tabular_embedding.py:323] - AP (Average Precision): 0.2262
2025-12-18 12:57:37,083 - INFO - [resad_tabular_embedding.py:324] - Accuracy: 0.2976
2025-12-18 12:57:37,083 - INFO - [resad_tabular_embedding.py:325] - Test samples: 205
2025-12-18 12:57:37,083 - INFO - [resad_tabular_embedding.py:326] - Anomaly ratio: 0.351
2025-12-18 12:57:37,096 - INFO - [resad_tabular_embedding.py:373] - Summary saved to: results\results.csv
2025-12-18 12:57:37,097 - INFO - [resad_tabular_embedding.py:374] - === EXPERIMENT COMPLETED ===
