2025-12-16 20:55:23,081 - INFO - [resad_tabular.py:58] - === ResAD Tabular Experiment Started ===
2025-12-16 20:55:23,081 - INFO - [resad_tabular.py:59] - Log file: logs\resad_tabular_20251216_205523.log
2025-12-16 20:55:23,083 - INFO - [resad_tabular.py:409] - Using device: cpu
2025-12-16 20:55:23,083 - INFO - [resad_tabular.py:410] - Experiment mode: cross_domain
2025-12-16 20:55:23,083 - INFO - [resad_tabular.py:413] - Loading datasets...
2025-12-16 20:55:23,084 - INFO - [resad_tabular.py:439] - Cross domain experiment:
2025-12-16 20:55:23,084 - INFO - [resad_tabular.py:440] -   Source datasets: ['breastw']
2025-12-16 20:55:23,084 - INFO - [resad_tabular.py:441] -   Target dataset: wdbc
2025-12-16 20:55:23,094 - INFO - [resad_tabular.py:452] - Dataset Information:
2025-12-16 20:55:23,095 - INFO - [resad_tabular.py:453] - Train (source combined): {'dataset_name': 'breastw', 'split': 'train', 'shape': (478, 9), 'anomaly_ratio': '0.349', 'normal_samples': np.int64(311), 'anomaly_samples': np.int64(167), 'feature_names': ['feature_0', 'feature_1', 'feature_2', 'feature_3', 'feature_4', '...'], 'normalized': True, 'categorical_features': 0}
2025-12-16 20:55:23,095 - INFO - [resad_tabular.py:454] - Test (target): {'dataset_name': 'wdbc', 'split': 'test', 'shape': (111, 30), 'anomaly_ratio': '0.027', 'normal_samples': np.int64(108), 'anomaly_samples': np.int64(3), 'feature_names': ['feature_0', 'feature_1', 'feature_2', 'feature_3', 'feature_4', '...'], 'normalized': True, 'categorical_features': 0}
2025-12-16 20:55:23,095 - INFO - [resad_tabular.py:466] - Initializing ResAD model...
2025-12-16 20:55:23,095 - INFO - [resad_tabular.py:467] - Model configuration:
2025-12-16 20:55:23,095 - INFO - [resad_tabular.py:468] -   - Use multiscale: False
2025-12-16 20:55:23,095 - INFO - [resad_tabular.py:469] -   - Constraintor type: residual
2025-12-16 20:55:23,095 - INFO - [resad_tabular.py:470] -   - Estimator type: normal
2025-12-16 20:55:23,095 - INFO - [resad_tabular.py:471] -   - Training epochs: 1
2025-12-16 20:55:23,095 - INFO - [resad_tabular.py:472] -   - Learning rate: 0.001
2025-12-16 20:55:23,099 - INFO - [resad_tabular.py:476] - Starting model training...
2025-12-16 20:55:44,296 - INFO - [resad_tabular.py:223] - Fitting feature extractor with 311 normal samples
2025-12-16 20:55:44,296 - INFO - [resad_tabular.py:146] - Fitting TabPFN feature extractor with 311 training samples
2025-12-16 20:55:44,297 - INFO - [resad_tabular.py:151] - Initializing constraintor and estimator modules
