2025-12-17 10:27:47,164 - INFO - [resad_tabular.py:63] - === ResAD Tabular Experiment Started ===
2025-12-17 10:27:47,164 - INFO - [resad_tabular.py:64] - Log file: logs\resad_tabular_20251217_102747.log
2025-12-17 10:27:47,168 - INFO - [resad_tabular.py:75] - Using device: cpu
2025-12-17 10:27:47,169 - INFO - [resad_tabular.py:76] - Experiment mode: cross_domain
2025-12-17 10:27:47,169 - INFO - [resad_tabular.py:79] - Loading datasets...
2025-12-17 10:27:47,169 - INFO - [resad_tabular.py:105] - Cross domain experiment:
2025-12-17 10:27:47,169 - INFO - [resad_tabular.py:106] -   Source datasets: ['breastw']
2025-12-17 10:27:47,171 - INFO - [resad_tabular.py:107] -   Target dataset: wdbc
2025-12-17 10:27:47,206 - INFO - [resad_tabular.py:118] - Dataset Information:
2025-12-17 10:27:47,206 - INFO - [resad_tabular.py:119] - Train (source combined): {'dataset_name': 'breastw', 'split': 'train', 'shape': (478, 9), 'anomaly_ratio': '0.349', 'normal_samples': np.int64(311), 'anomaly_samples': np.int64(167), 'feature_names': ['feature_0', 'feature_1', 'feature_2', 'feature_3', 'feature_4', '...'], 'normalized': True, 'categorical_features': 0}
2025-12-17 10:27:47,206 - INFO - [resad_tabular.py:120] - Test (target): {'dataset_name': 'wdbc', 'split': 'test', 'shape': (111, 30), 'anomaly_ratio': '0.027', 'normal_samples': np.int64(108), 'anomaly_samples': np.int64(3), 'feature_names': ['feature_0', 'feature_1', 'feature_2', 'feature_3', 'feature_4', '...'], 'normalized': True, 'categorical_features': 0}
2025-12-17 10:27:47,207 - INFO - [resad_tabular.py:132] - Initializing ResAD model...
2025-12-17 10:27:47,207 - INFO - [resad_tabular.py:133] - Model configuration:
2025-12-17 10:27:47,208 - INFO - [resad_tabular.py:134] -   - Use multiscale: False
2025-12-17 10:27:47,208 - INFO - [resad_tabular.py:135] -   - Constraintor type: residual
2025-12-17 10:27:47,208 - INFO - [resad_tabular.py:136] -   - Estimator type: normal
2025-12-17 10:27:47,209 - INFO - [resad_tabular.py:137] -   - Training epochs: 2
2025-12-17 10:27:47,209 - INFO - [resad_tabular.py:138] -   - Learning rate: 0.001
2025-12-17 10:27:47,222 - INFO - [resad_tabular.py:142] - Starting model training...
2025-12-17 10:28:06,496 - INFO - [resad_model.py:176] - Fitting feature extractor with 311 normal samples
2025-12-17 10:28:06,496 - INFO - [resad_model.py:99] - Fitting TabPFN feature extractor with 311 training samples
2025-12-17 10:28:06,497 - INFO - [resad_model.py:104] - Initializing constraintor and estimator modules
2025-12-17 10:28:12,136 - INFO - [resad_model.py:107] - Feature extractor fitted. Embedding dimension: 192
2025-12-17 10:28:12,137 - INFO - [resad_model.py:178] - Feature extractor fitted successfully
2025-12-17 10:28:12,137 - INFO - [resad_model.py:181] - Pre-computing embeddings for training data...
2025-12-17 10:28:33,474 - INFO - [resad_model.py:192] - Batch 0: features shape=(64, 9), embeddings shape=torch.Size([64, 192]), labels shape=(64,)
2025-12-17 10:28:34,010 - INFO - [resad_model.py:192] - Batch 1: features shape=(64, 9), embeddings shape=torch.Size([64, 192]), labels shape=(64,)
2025-12-17 10:28:34,611 - INFO - [resad_model.py:192] - Batch 2: features shape=(64, 9), embeddings shape=torch.Size([64, 192]), labels shape=(64,)
2025-12-17 10:28:35,187 - INFO - [resad_model.py:192] - Batch 3: features shape=(64, 9), embeddings shape=torch.Size([64, 192]), labels shape=(64,)
2025-12-17 10:28:35,737 - INFO - [resad_model.py:192] - Batch 4: features shape=(64, 9), embeddings shape=torch.Size([64, 192]), labels shape=(64,)
2025-12-17 10:28:36,279 - INFO - [resad_model.py:192] - Batch 5: features shape=(64, 9), embeddings shape=torch.Size([64, 192]), labels shape=(64,)
2025-12-17 10:28:36,816 - INFO - [resad_model.py:192] - Batch 6: features shape=(64, 9), embeddings shape=torch.Size([64, 192]), labels shape=(64,)
2025-12-17 10:28:37,336 - INFO - [resad_model.py:192] - Batch 7: features shape=(30, 9), embeddings shape=torch.Size([30, 192]), labels shape=(30,)
2025-12-17 10:28:37,970 - INFO - [resad_model.py:200] - Total embeddings shape: torch.Size([478, 192])
2025-12-17 10:28:37,971 - INFO - [resad_model.py:201] - Total labels shape: torch.Size([478])
2025-12-17 10:28:37,972 - INFO - [resad_model.py:202] - Total samples: embeddings=478, labels=478
2025-12-17 10:28:37,974 - INFO - [resad_model.py:208] - Normal embeddings shape for constraintor training: torch.Size([311, 192])
2025-12-17 10:28:37,975 - INFO - [resad_model.py:211] - Starting feature constraintor training...
2025-12-17 10:28:38,122 - INFO - [resad_model.py:268] - Feature constraintor training completed
2025-12-17 10:28:38,122 - INFO - [resad_model.py:271] - Starting distribution estimator fitting...
2025-12-17 10:28:38,148 - INFO - [resad_model.py:280] - Distribution estimator fitted successfully
2025-12-17 10:28:38,149 - INFO - [resad_model.py:283] - ResAD training completed successfully!
2025-12-17 10:28:38,153 - INFO - [resad_tabular.py:146] - Evaluating model on test set...
2025-12-17 10:28:38,154 - INFO - [resad_model.py:345] - Predicting anomaly scores for DataLoader batches
2025-12-17 10:28:57,982 - INFO - [resad_model.py:352] - Predicted scores for 111 total samples
2025-12-17 10:29:20,602 - INFO - [resad_tabular.py:164] - === EXPERIMENT RESULTS ===
2025-12-17 10:29:20,602 - INFO - [resad_tabular.py:165] - AUC (Area Under ROC Curve): 0.4599
2025-12-17 10:29:20,604 - INFO - [resad_tabular.py:166] - AP (Average Precision): 0.0370
2025-12-17 10:29:20,604 - INFO - [resad_tabular.py:167] - Accuracy: 0.5135
2025-12-17 10:29:20,606 - INFO - [resad_tabular.py:168] - Test samples: 111
2025-12-17 10:29:20,606 - INFO - [resad_tabular.py:169] - Anomaly ratio: 0.027
2025-12-17 10:29:20,630 - INFO - [resad_tabular.py:245] - Results saved to: results\results_cross_breastw_to_wdbc_20251217_102920.json
2025-12-17 10:29:20,631 - INFO - [resad_tabular.py:246] - Summary saved to: results\results.csv
2025-12-17 10:29:20,632 - INFO - [resad_tabular.py:247] - === EXPERIMENT COMPLETED ===
