2025-12-18 12:27:04,630 - INFO - [resad_tabular.py:63] - === ResAD Tabular Experiment Started ===
2025-12-18 12:27:04,630 - INFO - [resad_tabular.py:64] - Log file: logs\resad_tabular_20251218_122704.log
2025-12-18 12:27:04,633 - INFO - [resad_tabular.py:75] - Using device: cpu
2025-12-18 12:27:04,633 - INFO - [resad_tabular.py:76] - Experiment mode: cross_domain
2025-12-18 12:27:04,633 - INFO - [resad_tabular.py:79] - Loading datasets...
2025-12-18 12:27:04,633 - INFO - [resad_tabular.py:105] - Cross domain experiment:
2025-12-18 12:27:04,634 - INFO - [resad_tabular.py:106] -   Source datasets: ['pima']
2025-12-18 12:27:04,635 - INFO - [resad_tabular.py:107] -   Target dataset: breastw
2025-12-18 12:27:04,649 - INFO - [resad_tabular.py:118] - Dataset Information:
2025-12-18 12:27:04,649 - INFO - [resad_tabular.py:119] - Train (source combined): {'dataset_name': 'pima', 'split': 'train', 'shape': (537, 8), 'anomaly_ratio': '0.348', 'normal_samples': np.int64(350), 'anomaly_samples': np.int64(187), 'feature_names': ['feature_0', 'feature_1', 'feature_2', 'feature_3', 'feature_4', '...'], 'normalized': True, 'categorical_features': 0}
2025-12-18 12:27:04,650 - INFO - [resad_tabular.py:120] - Test (target): {'dataset_name': 'breastw', 'split': 'test', 'shape': (205, 9), 'anomaly_ratio': '0.351', 'normal_samples': np.int64(133), 'anomaly_samples': np.int64(72), 'feature_names': ['feature_0', 'feature_1', 'feature_2', 'feature_3', 'feature_4', '...'], 'normalized': True, 'categorical_features': 0}
2025-12-18 12:27:04,650 - INFO - [resad_tabular.py:132] - Initializing ResAD model...
2025-12-18 12:27:04,650 - INFO - [resad_tabular.py:133] - Model configuration:
2025-12-18 12:27:04,650 - INFO - [resad_tabular.py:134] -   - Feature extractor: tabpfn
2025-12-18 12:27:04,650 - INFO - [resad_tabular.py:137] -   - Use multiscale: False
2025-12-18 12:27:04,650 - INFO - [resad_tabular.py:138] -   - Constraintor type: residual
2025-12-18 12:27:04,650 - INFO - [resad_tabular.py:139] -   - Estimator type: normal
2025-12-18 12:27:04,650 - INFO - [resad_tabular.py:140] -   - Training epochs: 2
2025-12-18 12:27:04,650 - INFO - [resad_tabular.py:141] -   - Learning rate: 0.001
2025-12-18 12:27:04,655 - INFO - [resad_tabular.py:145] - Starting model training...
2025-12-18 12:27:29,721 - INFO - [resad_model.py:192] - Fitting feature extractor with 350 normal samples
2025-12-18 12:27:29,721 - INFO - [resad_model.py:115] - Fitting TabPFN feature extractor with 350 training samples
2025-12-18 12:27:29,722 - INFO - [resad_model.py:120] - Initializing constraintor and estimator modules
2025-12-18 12:27:36,396 - INFO - [resad_model.py:123] - Feature extractor fitted. Embedding dimension: 192
2025-12-18 12:27:36,396 - INFO - [resad_model.py:194] - Feature extractor fitted successfully
2025-12-18 12:27:36,396 - INFO - [resad_model.py:197] - Pre-computing embeddings for training data...
2025-12-18 12:28:00,947 - INFO - [resad_model.py:208] - Batch 0: features shape=(64, 8), embeddings shape=torch.Size([64, 192]), labels shape=(64,)
2025-12-18 12:28:01,735 - INFO - [resad_model.py:208] - Batch 1: features shape=(64, 8), embeddings shape=torch.Size([64, 192]), labels shape=(64,)
2025-12-18 12:28:02,646 - INFO - [resad_model.py:208] - Batch 2: features shape=(64, 8), embeddings shape=torch.Size([64, 192]), labels shape=(64,)
2025-12-18 12:28:03,542 - INFO - [resad_model.py:208] - Batch 3: features shape=(64, 8), embeddings shape=torch.Size([64, 192]), labels shape=(64,)
2025-12-18 12:28:04,372 - INFO - [resad_model.py:208] - Batch 4: features shape=(64, 8), embeddings shape=torch.Size([64, 192]), labels shape=(64,)
2025-12-18 12:28:05,147 - INFO - [resad_model.py:208] - Batch 5: features shape=(64, 8), embeddings shape=torch.Size([64, 192]), labels shape=(64,)
2025-12-18 12:28:05,931 - INFO - [resad_model.py:208] - Batch 6: features shape=(64, 8), embeddings shape=torch.Size([64, 192]), labels shape=(64,)
2025-12-18 12:28:06,760 - INFO - [resad_model.py:208] - Batch 7: features shape=(64, 8), embeddings shape=torch.Size([64, 192]), labels shape=(64,)
2025-12-18 12:28:07,649 - INFO - [resad_model.py:208] - Batch 8: features shape=(25, 8), embeddings shape=torch.Size([25, 192]), labels shape=(25,)
2025-12-18 12:28:08,599 - INFO - [resad_model.py:216] - Total embeddings shape: torch.Size([537, 192])
2025-12-18 12:28:08,599 - INFO - [resad_model.py:217] - Total labels shape: torch.Size([537])
2025-12-18 12:28:08,599 - INFO - [resad_model.py:218] - Total samples: embeddings=537, labels=537
2025-12-18 12:28:08,599 - INFO - [resad_model.py:224] - Normal embeddings shape for constraintor training: torch.Size([350, 192])
2025-12-18 12:28:08,600 - INFO - [resad_model.py:227] - Starting feature constraintor training...
2025-12-18 12:28:08,733 - INFO - [resad_model.py:284] - Feature constraintor training completed
2025-12-18 12:28:08,733 - INFO - [resad_model.py:287] - Starting distribution estimator fitting...
2025-12-18 12:28:08,743 - INFO - [resad_model.py:296] - Distribution estimator fitted successfully
2025-12-18 12:28:08,743 - INFO - [resad_model.py:299] - ResAD training completed successfully!
2025-12-18 12:28:08,743 - INFO - [resad_tabular.py:149] - Evaluating model on test set...
2025-12-18 12:28:08,743 - INFO - [resad_model.py:361] - Predicting anomaly scores for DataLoader batches
2025-12-18 12:28:33,760 - INFO - [resad_model.py:368] - Predicted scores for 205 total samples
2025-12-18 12:28:59,181 - INFO - [resad_tabular.py:167] - === EXPERIMENT RESULTS ===
2025-12-18 12:28:59,181 - INFO - [resad_tabular.py:168] - AUC (Area Under ROC Curve): 0.8287
2025-12-18 12:28:59,181 - INFO - [resad_tabular.py:169] - AP (Average Precision): 0.7974
2025-12-18 12:28:59,181 - INFO - [resad_tabular.py:170] - Accuracy: 0.7073
2025-12-18 12:28:59,181 - INFO - [resad_tabular.py:171] - Test samples: 205
2025-12-18 12:28:59,182 - INFO - [resad_tabular.py:172] - Anomaly ratio: 0.351
2025-12-18 12:28:59,200 - INFO - [resad_tabular.py:250] - Results saved to: results\results_cross_pima_to_breastw_20251218_122859.json
2025-12-18 12:28:59,200 - INFO - [resad_tabular.py:251] - Summary saved to: results\results.csv
2025-12-18 12:28:59,200 - INFO - [resad_tabular.py:252] - === EXPERIMENT COMPLETED ===
