2025-12-16 21:03:29,521 - INFO - [resad_tabular.py:58] - === ResAD Tabular Experiment Started ===
2025-12-16 21:03:29,521 - INFO - [resad_tabular.py:59] - Log file: logs\resad_tabular_20251216_210329.log
2025-12-16 21:03:29,523 - INFO - [resad_tabular.py:410] - Using device: cpu
2025-12-16 21:03:29,523 - INFO - [resad_tabular.py:411] - Experiment mode: cross_domain
2025-12-16 21:03:29,523 - INFO - [resad_tabular.py:414] - Loading datasets...
2025-12-16 21:03:29,523 - INFO - [resad_tabular.py:440] - Cross domain experiment:
2025-12-16 21:03:29,523 - INFO - [resad_tabular.py:441] -   Source datasets: ['breastw']
2025-12-16 21:03:29,525 - INFO - [resad_tabular.py:442] -   Target dataset: wdbc
2025-12-16 21:03:29,535 - INFO - [resad_tabular.py:453] - Dataset Information:
2025-12-16 21:03:29,535 - INFO - [resad_tabular.py:454] - Train (source combined): {'dataset_name': 'breastw', 'split': 'train', 'shape': (478, 9), 'anomaly_ratio': '0.349', 'normal_samples': np.int64(311), 'anomaly_samples': np.int64(167), 'feature_names': ['feature_0', 'feature_1', 'feature_2', 'feature_3', 'feature_4', '...'], 'normalized': True, 'categorical_features': 0}
2025-12-16 21:03:29,535 - INFO - [resad_tabular.py:455] - Test (target): {'dataset_name': 'wdbc', 'split': 'test', 'shape': (111, 30), 'anomaly_ratio': '0.027', 'normal_samples': np.int64(108), 'anomaly_samples': np.int64(3), 'feature_names': ['feature_0', 'feature_1', 'feature_2', 'feature_3', 'feature_4', '...'], 'normalized': True, 'categorical_features': 0}
2025-12-16 21:03:29,535 - INFO - [resad_tabular.py:467] - Initializing ResAD model...
2025-12-16 21:03:29,535 - INFO - [resad_tabular.py:468] - Model configuration:
2025-12-16 21:03:29,535 - INFO - [resad_tabular.py:469] -   - Use multiscale: False
2025-12-16 21:03:29,535 - INFO - [resad_tabular.py:470] -   - Constraintor type: residual
2025-12-16 21:03:29,535 - INFO - [resad_tabular.py:471] -   - Estimator type: normal
2025-12-16 21:03:29,536 - INFO - [resad_tabular.py:472] -   - Training epochs: 1
2025-12-16 21:03:29,536 - INFO - [resad_tabular.py:473] -   - Learning rate: 0.001
2025-12-16 21:03:29,539 - INFO - [resad_tabular.py:477] - Starting model training...
2025-12-16 21:03:50,683 - INFO - [resad_tabular.py:223] - Fitting feature extractor with 311 normal samples
2025-12-16 21:03:50,683 - INFO - [resad_tabular.py:146] - Fitting TabPFN feature extractor with 311 training samples
2025-12-16 21:03:50,684 - INFO - [resad_tabular.py:151] - Initializing constraintor and estimator modules
2025-12-16 21:03:56,326 - INFO - [resad_tabular.py:154] - Feature extractor fitted. Embedding dimension: 192
2025-12-16 21:03:56,326 - INFO - [resad_tabular.py:225] - Feature extractor fitted successfully
2025-12-16 21:03:56,326 - INFO - [resad_tabular.py:228] - Pre-computing embeddings for training data...
2025-12-16 21:04:17,488 - INFO - [resad_tabular.py:239] - Batch 0: features shape=(64, 9), embeddings shape=torch.Size([64, 192]), labels shape=(64,)
2025-12-16 21:04:18,154 - INFO - [resad_tabular.py:239] - Batch 1: features shape=(64, 9), embeddings shape=torch.Size([64, 192]), labels shape=(64,)
2025-12-16 21:04:18,819 - INFO - [resad_tabular.py:239] - Batch 2: features shape=(64, 9), embeddings shape=torch.Size([64, 192]), labels shape=(64,)
2025-12-16 21:04:19,507 - INFO - [resad_tabular.py:239] - Batch 3: features shape=(64, 9), embeddings shape=torch.Size([64, 192]), labels shape=(64,)
2025-12-16 21:04:20,102 - INFO - [resad_tabular.py:239] - Batch 4: features shape=(64, 9), embeddings shape=torch.Size([64, 192]), labels shape=(64,)
2025-12-16 21:04:20,791 - INFO - [resad_tabular.py:239] - Batch 5: features shape=(64, 9), embeddings shape=torch.Size([64, 192]), labels shape=(64,)
2025-12-16 21:04:21,415 - INFO - [resad_tabular.py:239] - Batch 6: features shape=(64, 9), embeddings shape=torch.Size([64, 192]), labels shape=(64,)
2025-12-16 21:04:22,110 - INFO - [resad_tabular.py:239] - Batch 7: features shape=(30, 9), embeddings shape=torch.Size([30, 192]), labels shape=(30,)
2025-12-16 21:04:22,963 - INFO - [resad_tabular.py:247] - Total embeddings shape: torch.Size([478, 192])
2025-12-16 21:04:22,963 - INFO - [resad_tabular.py:248] - Total labels shape: torch.Size([478])
2025-12-16 21:04:22,963 - INFO - [resad_tabular.py:249] - Total samples: embeddings=478, labels=478
2025-12-16 21:04:22,964 - INFO - [resad_tabular.py:255] - Normal embeddings shape for constraintor training: torch.Size([311, 192])
2025-12-16 21:04:22,964 - INFO - [resad_tabular.py:258] - Starting feature constraintor training...
2025-12-16 21:04:23,011 - INFO - [resad_tabular.py:315] - Feature constraintor training completed
2025-12-16 21:04:23,011 - INFO - [resad_tabular.py:318] - Starting distribution estimator fitting...
2025-12-16 21:04:23,014 - INFO - [resad_tabular.py:327] - Distribution estimator fitted successfully
2025-12-16 21:04:23,014 - INFO - [resad_tabular.py:330] - ResAD training completed successfully!
2025-12-16 21:04:23,015 - INFO - [resad_tabular.py:481] - Evaluating model on test set...
2025-12-16 21:04:23,015 - INFO - [resad_tabular.py:392] - Predicting anomaly scores for DataLoader batches
2025-12-16 21:04:45,396 - INFO - [resad_tabular.py:399] - Predicted scores for 111 total samples
2025-12-16 21:05:07,113 - INFO - [resad_tabular.py:494] - === EXPERIMENT RESULTS ===
2025-12-16 21:05:07,113 - INFO - [resad_tabular.py:495] - AUC (Area Under ROC Curve): 0.3765
2025-12-16 21:05:07,114 - INFO - [resad_tabular.py:496] - AP (Average Precision): 0.0291
2025-12-16 21:05:07,114 - INFO - [resad_tabular.py:497] - Test samples: 111
2025-12-16 21:05:07,114 - INFO - [resad_tabular.py:498] - Anomaly ratio: 0.027
2025-12-16 21:05:07,115 - INFO - [resad_tabular.py:531] - Results saved to: results\results_cross_breastw_to_wdbc_20251216_210507.json
2025-12-16 21:05:07,115 - INFO - [resad_tabular.py:532] - === EXPERIMENT COMPLETED ===
