2025-12-17 09:41:44,493 - INFO - [resad_tabular.py:56] - === ResAD Tabular Experiment Started ===
2025-12-17 09:41:44,493 - INFO - [resad_tabular.py:57] - Log file: logs\resad_tabular_20251217_094144.log
2025-12-17 09:41:44,495 - INFO - [resad_tabular.py:68] - Using device: cpu
2025-12-17 09:41:44,495 - INFO - [resad_tabular.py:69] - Experiment mode: cross_domain
2025-12-17 09:41:44,496 - INFO - [resad_tabular.py:72] - Loading datasets...
2025-12-17 09:41:44,496 - INFO - [resad_tabular.py:98] - Cross domain experiment:
2025-12-17 09:41:44,496 - INFO - [resad_tabular.py:99] -   Source datasets: ['breastw']
2025-12-17 09:41:44,497 - INFO - [resad_tabular.py:100] -   Target dataset: pima
2025-12-17 09:41:44,507 - INFO - [resad_tabular.py:111] - Dataset Information:
2025-12-17 09:41:44,507 - INFO - [resad_tabular.py:112] - Train (source combined): {'dataset_name': 'breastw', 'split': 'train', 'shape': (478, 9), 'anomaly_ratio': '0.349', 'normal_samples': np.int64(311), 'anomaly_samples': np.int64(167), 'feature_names': ['feature_0', 'feature_1', 'feature_2', 'feature_3', 'feature_4', '...'], 'normalized': True, 'categorical_features': 0}
2025-12-17 09:41:44,507 - INFO - [resad_tabular.py:113] - Test (target): {'dataset_name': 'pima', 'split': 'test', 'shape': (231, 8), 'anomaly_ratio': '0.351', 'normal_samples': np.int64(150), 'anomaly_samples': np.int64(81), 'feature_names': ['feature_0', 'feature_1', 'feature_2', 'feature_3', 'feature_4', '...'], 'normalized': True, 'categorical_features': 0}
2025-12-17 09:41:44,508 - INFO - [resad_tabular.py:125] - Initializing ResAD model...
2025-12-17 09:41:44,508 - INFO - [resad_tabular.py:126] - Model configuration:
2025-12-17 09:41:44,508 - INFO - [resad_tabular.py:127] -   - Use multiscale: False
2025-12-17 09:41:44,508 - INFO - [resad_tabular.py:128] -   - Constraintor type: residual
2025-12-17 09:41:44,508 - INFO - [resad_tabular.py:129] -   - Estimator type: normal
2025-12-17 09:41:44,508 - INFO - [resad_tabular.py:130] -   - Training epochs: 1
2025-12-17 09:41:44,508 - INFO - [resad_tabular.py:131] -   - Learning rate: 0.001
2025-12-17 09:41:44,512 - INFO - [resad_tabular.py:135] - Starting model training...
2025-12-17 09:42:08,595 - INFO - [resad_model.py:176] - Fitting feature extractor with 311 normal samples
2025-12-17 09:42:08,596 - INFO - [resad_model.py:99] - Fitting TabPFN feature extractor with 311 training samples
2025-12-17 09:42:08,597 - INFO - [resad_model.py:104] - Initializing constraintor and estimator modules
2025-12-17 09:42:16,680 - INFO - [resad_model.py:107] - Feature extractor fitted. Embedding dimension: 192
2025-12-17 09:42:16,680 - INFO - [resad_model.py:178] - Feature extractor fitted successfully
2025-12-17 09:42:16,680 - INFO - [resad_model.py:181] - Pre-computing embeddings for training data...
2025-12-17 09:42:41,010 - INFO - [resad_model.py:192] - Batch 0: features shape=(64, 9), embeddings shape=torch.Size([64, 192]), labels shape=(64,)
2025-12-17 09:42:41,662 - INFO - [resad_model.py:192] - Batch 1: features shape=(64, 9), embeddings shape=torch.Size([64, 192]), labels shape=(64,)
2025-12-17 09:42:42,399 - INFO - [resad_model.py:192] - Batch 2: features shape=(64, 9), embeddings shape=torch.Size([64, 192]), labels shape=(64,)
2025-12-17 09:42:43,052 - INFO - [resad_model.py:192] - Batch 3: features shape=(64, 9), embeddings shape=torch.Size([64, 192]), labels shape=(64,)
2025-12-17 09:42:43,874 - INFO - [resad_model.py:192] - Batch 4: features shape=(64, 9), embeddings shape=torch.Size([64, 192]), labels shape=(64,)
2025-12-17 09:42:44,591 - INFO - [resad_model.py:192] - Batch 5: features shape=(64, 9), embeddings shape=torch.Size([64, 192]), labels shape=(64,)
2025-12-17 09:42:45,209 - INFO - [resad_model.py:192] - Batch 6: features shape=(64, 9), embeddings shape=torch.Size([64, 192]), labels shape=(64,)
2025-12-17 09:42:45,901 - INFO - [resad_model.py:192] - Batch 7: features shape=(30, 9), embeddings shape=torch.Size([30, 192]), labels shape=(30,)
2025-12-17 09:42:46,871 - INFO - [resad_model.py:200] - Total embeddings shape: torch.Size([478, 192])
2025-12-17 09:42:46,871 - INFO - [resad_model.py:201] - Total labels shape: torch.Size([478])
2025-12-17 09:42:46,871 - INFO - [resad_model.py:202] - Total samples: embeddings=478, labels=478
2025-12-17 09:42:46,872 - INFO - [resad_model.py:208] - Normal embeddings shape for constraintor training: torch.Size([311, 192])
2025-12-17 09:42:46,872 - INFO - [resad_model.py:211] - Starting feature constraintor training...
2025-12-17 09:42:46,963 - INFO - [resad_model.py:268] - Feature constraintor training completed
2025-12-17 09:42:46,963 - INFO - [resad_model.py:271] - Starting distribution estimator fitting...
2025-12-17 09:42:46,970 - INFO - [resad_model.py:280] - Distribution estimator fitted successfully
2025-12-17 09:42:46,970 - INFO - [resad_model.py:283] - ResAD training completed successfully!
2025-12-17 09:42:46,971 - INFO - [resad_tabular.py:139] - Evaluating model on test set...
2025-12-17 09:42:46,971 - INFO - [resad_model.py:345] - Predicting anomaly scores for DataLoader batches
2025-12-17 09:43:10,226 - INFO - [resad_model.py:352] - Predicted scores for 231 total samples
2025-12-17 09:43:31,257 - INFO - [resad_tabular.py:152] - === EXPERIMENT RESULTS ===
2025-12-17 09:43:31,258 - INFO - [resad_tabular.py:153] - AUC (Area Under ROC Curve): 0.5454
2025-12-17 09:43:31,258 - INFO - [resad_tabular.py:154] - AP (Average Precision): 0.3841
2025-12-17 09:43:31,258 - INFO - [resad_tabular.py:155] - Test samples: 231
2025-12-17 09:43:31,258 - INFO - [resad_tabular.py:156] - Anomaly ratio: 0.351
2025-12-17 09:43:31,259 - INFO - [resad_tabular.py:189] - Results saved to: results\results_cross_breastw_to_pima_20251217_094331.json
2025-12-17 09:43:31,260 - INFO - [resad_tabular.py:190] - === EXPERIMENT COMPLETED ===
