2025-12-16 20:56:37,946 - INFO - [resad_tabular.py:58] - === ResAD Tabular Experiment Started ===
2025-12-16 20:56:37,946 - INFO - [resad_tabular.py:59] - Log file: logs\resad_tabular_20251216_205637.log
2025-12-16 20:56:37,949 - INFO - [resad_tabular.py:410] - Using device: cpu
2025-12-16 20:56:37,949 - INFO - [resad_tabular.py:411] - Experiment mode: cross_domain
2025-12-16 20:56:37,949 - INFO - [resad_tabular.py:414] - Loading datasets...
2025-12-16 20:56:37,949 - INFO - [resad_tabular.py:440] - Cross domain experiment:
2025-12-16 20:56:37,949 - INFO - [resad_tabular.py:441] -   Source datasets: ['breastw']
2025-12-16 20:56:37,950 - INFO - [resad_tabular.py:442] -   Target dataset: wdbc
2025-12-16 20:56:37,960 - INFO - [resad_tabular.py:453] - Dataset Information:
2025-12-16 20:56:37,960 - INFO - [resad_tabular.py:454] - Train (source combined): {'dataset_name': 'breastw', 'split': 'train', 'shape': (478, 9), 'anomaly_ratio': '0.349', 'normal_samples': np.int64(311), 'anomaly_samples': np.int64(167), 'feature_names': ['feature_0', 'feature_1', 'feature_2', 'feature_3', 'feature_4', '...'], 'normalized': True, 'categorical_features': 0}
2025-12-16 20:56:37,961 - INFO - [resad_tabular.py:455] - Test (target): {'dataset_name': 'wdbc', 'split': 'test', 'shape': (111, 30), 'anomaly_ratio': '0.027', 'normal_samples': np.int64(108), 'anomaly_samples': np.int64(3), 'feature_names': ['feature_0', 'feature_1', 'feature_2', 'feature_3', 'feature_4', '...'], 'normalized': True, 'categorical_features': 0}
2025-12-16 20:56:37,961 - INFO - [resad_tabular.py:467] - Initializing ResAD model...
2025-12-16 20:56:37,961 - INFO - [resad_tabular.py:468] - Model configuration:
2025-12-16 20:56:37,961 - INFO - [resad_tabular.py:469] -   - Use multiscale: False
2025-12-16 20:56:37,961 - INFO - [resad_tabular.py:470] -   - Constraintor type: residual
2025-12-16 20:56:37,961 - INFO - [resad_tabular.py:471] -   - Estimator type: normal
2025-12-16 20:56:37,961 - INFO - [resad_tabular.py:472] -   - Training epochs: 1
2025-12-16 20:56:37,961 - INFO - [resad_tabular.py:473] -   - Learning rate: 0.001
2025-12-16 20:56:37,966 - INFO - [resad_tabular.py:477] - Starting model training...
2025-12-16 20:56:59,500 - INFO - [resad_tabular.py:223] - Fitting feature extractor with 311 normal samples
2025-12-16 20:56:59,500 - INFO - [resad_tabular.py:146] - Fitting TabPFN feature extractor with 311 training samples
2025-12-16 20:56:59,501 - INFO - [resad_tabular.py:151] - Initializing constraintor and estimator modules
2025-12-16 20:57:06,309 - INFO - [resad_tabular.py:154] - Feature extractor fitted. Embedding dimension: 192
2025-12-16 20:57:06,309 - INFO - [resad_tabular.py:225] - Feature extractor fitted successfully
2025-12-16 20:57:06,309 - INFO - [resad_tabular.py:228] - Pre-computing embeddings for training data...
2025-12-16 20:57:27,669 - INFO - [resad_tabular.py:239] - Batch 0: features shape=(64, 9), embeddings shape=torch.Size([64, 192]), labels shape=(64,)
2025-12-16 20:57:28,418 - INFO - [resad_tabular.py:239] - Batch 1: features shape=(64, 9), embeddings shape=torch.Size([64, 192]), labels shape=(64,)
2025-12-16 20:57:29,041 - INFO - [resad_tabular.py:239] - Batch 2: features shape=(64, 9), embeddings shape=torch.Size([64, 192]), labels shape=(64,)
2025-12-16 20:57:29,757 - INFO - [resad_tabular.py:239] - Batch 3: features shape=(64, 9), embeddings shape=torch.Size([64, 192]), labels shape=(64,)
2025-12-16 20:57:30,528 - INFO - [resad_tabular.py:239] - Batch 4: features shape=(64, 9), embeddings shape=torch.Size([64, 192]), labels shape=(64,)
2025-12-16 20:57:31,247 - INFO - [resad_tabular.py:239] - Batch 5: features shape=(64, 9), embeddings shape=torch.Size([64, 192]), labels shape=(64,)
2025-12-16 20:57:31,948 - INFO - [resad_tabular.py:239] - Batch 6: features shape=(64, 9), embeddings shape=torch.Size([64, 192]), labels shape=(64,)
2025-12-16 20:57:32,550 - INFO - [resad_tabular.py:239] - Batch 7: features shape=(30, 9), embeddings shape=torch.Size([30, 192]), labels shape=(30,)
2025-12-16 20:57:33,481 - INFO - [resad_tabular.py:247] - Total embeddings shape: torch.Size([478, 192])
2025-12-16 20:57:33,481 - INFO - [resad_tabular.py:248] - Total labels shape: torch.Size([478])
2025-12-16 20:57:33,482 - INFO - [resad_tabular.py:249] - Total samples: embeddings=478, labels=478
2025-12-16 20:57:33,482 - INFO - [resad_tabular.py:255] - Normal embeddings shape for constraintor training: torch.Size([311, 192])
2025-12-16 20:57:33,482 - INFO - [resad_tabular.py:258] - Starting feature constraintor training...
2025-12-16 20:57:33,542 - INFO - [resad_tabular.py:315] - Feature constraintor training completed
2025-12-16 20:57:33,543 - INFO - [resad_tabular.py:318] - Starting distribution estimator fitting...
2025-12-16 20:57:33,550 - INFO - [resad_tabular.py:327] - Distribution estimator fitted successfully
2025-12-16 20:57:33,550 - INFO - [resad_tabular.py:330] - ResAD training completed successfully!
2025-12-16 20:57:33,550 - INFO - [resad_tabular.py:481] - Evaluating model on test set...
2025-12-16 20:57:33,551 - INFO - [resad_tabular.py:392] - Predicting anomaly scores for DataLoader batches
