2025-12-16 20:35:19,672 - INFO - [resad_tabular.py:58] - === ResAD Tabular Experiment Started ===
2025-12-16 20:35:19,672 - INFO - [resad_tabular.py:59] - Log file: logs\resad_tabular_20251216_203519.log
2025-12-16 20:35:19,674 - INFO - [resad_tabular.py:373] - Using device: cpu
2025-12-16 20:35:19,674 - INFO - [resad_tabular.py:374] - Experiment mode: cross_domain
2025-12-16 20:35:19,674 - INFO - [resad_tabular.py:377] - Loading datasets...
2025-12-16 20:35:19,674 - INFO - [resad_tabular.py:403] - Cross domain experiment:
2025-12-16 20:35:19,674 - INFO - [resad_tabular.py:404] -   Source datasets: ['breastw']
2025-12-16 20:35:19,674 - INFO - [resad_tabular.py:405] -   Target dataset: wdbc
2025-12-16 20:35:19,684 - INFO - [resad_tabular.py:417] - Dataset Information:
2025-12-16 20:35:19,684 - INFO - [resad_tabular.py:418] - Train (target): {'dataset_name': 'wdbc', 'split': 'train', 'shape': (256, 30), 'anomaly_ratio': '0.027', 'normal_samples': np.int64(249), 'anomaly_samples': np.int64(7), 'feature_names': ['feature_0', 'feature_1', 'feature_2', 'feature_3', 'feature_4', '...'], 'normalized': True, 'categorical_features': 0}
2025-12-16 20:35:19,685 - INFO - [resad_tabular.py:419] - Test (target): {'dataset_name': 'wdbc', 'split': 'test', 'shape': (111, 30), 'anomaly_ratio': '0.027', 'normal_samples': np.int64(108), 'anomaly_samples': np.int64(3), 'feature_names': ['feature_0', 'feature_1', 'feature_2', 'feature_3', 'feature_4', '...'], 'normalized': True, 'categorical_features': 0}
2025-12-16 20:35:19,685 - INFO - [resad_tabular.py:431] - Initializing ResAD model...
2025-12-16 20:35:19,685 - INFO - [resad_tabular.py:432] - Model configuration:
2025-12-16 20:35:19,685 - INFO - [resad_tabular.py:433] -   - Use multiscale: False
2025-12-16 20:35:19,685 - INFO - [resad_tabular.py:434] -   - Constraintor type: residual
2025-12-16 20:35:19,685 - INFO - [resad_tabular.py:435] -   - Estimator type: normal
2025-12-16 20:35:19,685 - INFO - [resad_tabular.py:436] -   - Training epochs: 1
2025-12-16 20:35:19,685 - INFO - [resad_tabular.py:437] -   - Learning rate: 0.001
2025-12-16 20:35:19,689 - INFO - [resad_tabular.py:441] - Starting model training...
2025-12-16 20:35:42,094 - INFO - [resad_tabular.py:223] - Fitting feature extractor with 249 normal samples
2025-12-16 20:35:42,094 - INFO - [resad_tabular.py:146] - Fitting TabPFN feature extractor with 249 training samples
2025-12-16 20:35:42,095 - INFO - [resad_tabular.py:151] - Initializing constraintor and estimator modules
2025-12-16 20:35:51,979 - INFO - [resad_tabular.py:154] - Feature extractor fitted. Embedding dimension: 192
2025-12-16 20:35:51,979 - INFO - [resad_tabular.py:225] - Feature extractor fitted successfully
2025-12-16 20:35:51,979 - INFO - [resad_tabular.py:228] - Starting feature constraintor training...
2025-12-16 20:36:34,693 - INFO - [resad_tabular.py:284] - Feature constraintor training completed
2025-12-16 20:36:34,693 - INFO - [resad_tabular.py:287] - Starting distribution estimator fitting...
2025-12-16 20:36:40,375 - INFO - [resad_tabular.py:290] - Distribution estimator fitted successfully
2025-12-16 20:36:40,375 - INFO - [resad_tabular.py:293] - ResAD training completed successfully!
2025-12-16 20:36:40,377 - INFO - [resad_tabular.py:445] - Evaluating model on test set...
2025-12-16 20:36:40,378 - INFO - [resad_tabular.py:355] - Predicting anomaly scores for DataLoader batches
2025-12-16 20:37:04,305 - INFO - [resad_tabular.py:362] - Predicted scores for 111 total samples
2025-12-16 20:37:25,982 - INFO - [resad_tabular.py:458] - === EXPERIMENT RESULTS ===
2025-12-16 20:37:25,982 - INFO - [resad_tabular.py:459] - AUC (Area Under ROC Curve): 1.0000
2025-12-16 20:37:25,982 - INFO - [resad_tabular.py:460] - AP (Average Precision): 1.0000
2025-12-16 20:37:25,983 - INFO - [resad_tabular.py:461] - Test samples: 111
2025-12-16 20:37:25,983 - INFO - [resad_tabular.py:462] - Anomaly ratio: 0.027
2025-12-16 20:37:25,984 - INFO - [resad_tabular.py:495] - Results saved to: results\results_cross_breastw_to_wdbc_20251216_203725.json
2025-12-16 20:37:25,984 - INFO - [resad_tabular.py:496] - === EXPERIMENT COMPLETED ===
