2025-12-18 12:38:17,156 - INFO - [resad_tabular.py:63] - === ResAD Tabular Experiment Started ===
2025-12-18 12:38:17,156 - INFO - [resad_tabular.py:64] - Log file: logs\resad_tabular_20251218_123817.log
2025-12-18 12:38:17,158 - INFO - [resad_tabular.py:75] - Using device: cpu
2025-12-18 12:38:17,159 - INFO - [resad_tabular.py:76] - Experiment mode: cross_domain
2025-12-18 12:38:17,159 - INFO - [resad_tabular.py:79] - Loading datasets...
2025-12-18 12:38:17,159 - INFO - [resad_tabular.py:105] - Cross domain experiment:
2025-12-18 12:38:17,159 - INFO - [resad_tabular.py:106] -   Source datasets: ['wine']
2025-12-18 12:38:17,159 - INFO - [resad_tabular.py:107] -   Target dataset: glass
2025-12-18 12:38:17,193 - INFO - [resad_tabular.py:118] - Dataset Information:
2025-12-18 12:38:17,193 - INFO - [resad_tabular.py:119] - Train (source combined): {'dataset_name': 'wine', 'split': 'train', 'shape': (90, 13), 'anomaly_ratio': '0.078', 'normal_samples': np.int64(83), 'anomaly_samples': np.int64(7), 'feature_names': ['feature_0', 'feature_1', 'feature_2', 'feature_3', 'feature_4', '...'], 'normalized': True, 'categorical_features': 0}
2025-12-18 12:38:17,193 - INFO - [resad_tabular.py:120] - Test (target): {'dataset_name': 'glass', 'split': 'test', 'shape': (65, 7), 'anomaly_ratio': '0.046', 'normal_samples': np.int64(62), 'anomaly_samples': np.int64(3), 'feature_names': ['feature_0', 'feature_1', 'feature_2', 'feature_3', 'feature_4', '...'], 'normalized': True, 'categorical_features': 0}
2025-12-18 12:38:17,193 - INFO - [resad_tabular.py:132] - Initializing ResAD model...
2025-12-18 12:38:17,194 - INFO - [resad_tabular.py:133] - Model configuration:
2025-12-18 12:38:17,194 - INFO - [resad_tabular.py:134] -   - Feature extractor: tabpfn
2025-12-18 12:38:17,194 - INFO - [resad_tabular.py:137] -   - Use multiscale: False
2025-12-18 12:38:17,194 - INFO - [resad_tabular.py:138] -   - Constraintor type: residual
2025-12-18 12:38:17,194 - INFO - [resad_tabular.py:139] -   - Estimator type: normal
2025-12-18 12:38:17,194 - INFO - [resad_tabular.py:140] -   - Training epochs: 2
2025-12-18 12:38:17,194 - INFO - [resad_tabular.py:141] -   - Learning rate: 0.001
2025-12-18 12:38:17,198 - INFO - [resad_tabular.py:145] - Starting model training...
