2025-12-18 11:58:52,923 - INFO - [resad_tabular.py:63] - === ResAD Tabular Experiment Started ===
2025-12-18 11:58:52,923 - INFO - [resad_tabular.py:64] - Log file: logs\resad_tabular_20251218_115852.log
2025-12-18 11:58:52,925 - INFO - [resad_tabular.py:75] - Using device: cpu
2025-12-18 11:58:52,925 - INFO - [resad_tabular.py:76] - Experiment mode: single_domain
2025-12-18 11:58:52,925 - INFO - [resad_tabular.py:79] - Loading datasets...
2025-12-18 11:58:52,925 - INFO - [resad_tabular.py:84] - Single domain experiment on dataset: breastw
2025-12-18 11:58:52,933 - INFO - [resad_tabular.py:94] - Dataset Information:
2025-12-18 11:58:52,933 - INFO - [resad_tabular.py:95] - Train: {'dataset_name': 'breastw', 'split': 'train', 'shape': (478, 9), 'anomaly_ratio': '0.349', 'normal_samples': np.int64(311), 'anomaly_samples': np.int64(167), 'feature_names': ['feature_0', 'feature_1', 'feature_2', 'feature_3', 'feature_4', '...'], 'normalized': True, 'categorical_features': 0}
2025-12-18 11:58:52,933 - INFO - [resad_tabular.py:96] - Test: {'dataset_name': 'breastw', 'split': 'test', 'shape': (205, 9), 'anomaly_ratio': '0.351', 'normal_samples': np.int64(133), 'anomaly_samples': np.int64(72), 'feature_names': ['feature_0', 'feature_1', 'feature_2', 'feature_3', 'feature_4', '...'], 'normalized': True, 'categorical_features': 0}
2025-12-18 11:58:52,933 - INFO - [resad_tabular.py:132] - Initializing ResAD model...
2025-12-18 11:58:52,933 - INFO - [resad_tabular.py:133] - Model configuration:
2025-12-18 11:58:52,934 - INFO - [resad_tabular.py:134] -   - Feature extractor: tabpfn
2025-12-18 11:58:52,934 - INFO - [resad_tabular.py:137] -   - Use multiscale: False
2025-12-18 11:58:52,934 - INFO - [resad_tabular.py:138] -   - Constraintor type: residual
2025-12-18 11:58:52,934 - INFO - [resad_tabular.py:139] -   - Estimator type: normal
2025-12-18 11:58:52,934 - INFO - [resad_tabular.py:140] -   - Training epochs: 1
2025-12-18 11:58:52,934 - INFO - [resad_tabular.py:141] -   - Learning rate: 0.001
2025-12-18 11:58:52,947 - INFO - [resad_tabular.py:145] - Starting model training...
2025-12-18 11:59:14,772 - INFO - [resad_model.py:192] - Fitting feature extractor with 311 normal samples
2025-12-18 11:59:14,772 - INFO - [resad_model.py:115] - Fitting TabPFN feature extractor with 311 training samples
2025-12-18 11:59:14,773 - INFO - [resad_model.py:120] - Initializing constraintor and estimator modules
2025-12-18 11:59:21,756 - INFO - [resad_model.py:123] - Feature extractor fitted. Embedding dimension: 192
2025-12-18 11:59:21,756 - INFO - [resad_model.py:194] - Feature extractor fitted successfully
2025-12-18 11:59:21,756 - INFO - [resad_model.py:197] - Pre-computing embeddings for training data...
2025-12-18 11:59:43,298 - INFO - [resad_model.py:208] - Batch 0: features shape=(64, 9), embeddings shape=torch.Size([64, 192]), labels shape=(64,)
2025-12-18 11:59:44,016 - INFO - [resad_model.py:208] - Batch 1: features shape=(64, 9), embeddings shape=torch.Size([64, 192]), labels shape=(64,)
2025-12-18 11:59:44,676 - INFO - [resad_model.py:208] - Batch 2: features shape=(64, 9), embeddings shape=torch.Size([64, 192]), labels shape=(64,)
2025-12-18 11:59:45,384 - INFO - [resad_model.py:208] - Batch 3: features shape=(64, 9), embeddings shape=torch.Size([64, 192]), labels shape=(64,)
2025-12-18 11:59:46,070 - INFO - [resad_model.py:208] - Batch 4: features shape=(64, 9), embeddings shape=torch.Size([64, 192]), labels shape=(64,)
2025-12-18 11:59:46,749 - INFO - [resad_model.py:208] - Batch 5: features shape=(64, 9), embeddings shape=torch.Size([64, 192]), labels shape=(64,)
2025-12-18 11:59:47,359 - INFO - [resad_model.py:208] - Batch 6: features shape=(64, 9), embeddings shape=torch.Size([64, 192]), labels shape=(64,)
2025-12-18 11:59:47,975 - INFO - [resad_model.py:208] - Batch 7: features shape=(30, 9), embeddings shape=torch.Size([30, 192]), labels shape=(30,)
2025-12-18 11:59:48,841 - INFO - [resad_model.py:216] - Total embeddings shape: torch.Size([478, 192])
2025-12-18 11:59:48,841 - INFO - [resad_model.py:217] - Total labels shape: torch.Size([478])
2025-12-18 11:59:48,841 - INFO - [resad_model.py:218] - Total samples: embeddings=478, labels=478
2025-12-18 11:59:48,841 - INFO - [resad_model.py:224] - Normal embeddings shape for constraintor training: torch.Size([311, 192])
2025-12-18 11:59:48,841 - INFO - [resad_model.py:227] - Starting feature constraintor training...
2025-12-18 11:59:48,897 - INFO - [resad_model.py:284] - Feature constraintor training completed
2025-12-18 11:59:48,898 - INFO - [resad_model.py:287] - Starting distribution estimator fitting...
2025-12-18 11:59:48,901 - INFO - [resad_model.py:296] - Distribution estimator fitted successfully
2025-12-18 11:59:48,901 - INFO - [resad_model.py:299] - ResAD training completed successfully!
2025-12-18 11:59:48,901 - INFO - [resad_tabular.py:149] - Evaluating model on test set...
2025-12-18 11:59:48,902 - INFO - [resad_model.py:361] - Predicting anomaly scores for DataLoader batches
2025-12-18 12:00:13,115 - INFO - [resad_model.py:368] - Predicted scores for 205 total samples
2025-12-18 12:00:34,733 - INFO - [resad_tabular.py:167] - === EXPERIMENT RESULTS ===
2025-12-18 12:00:34,733 - INFO - [resad_tabular.py:168] - AUC (Area Under ROC Curve): 0.9920
2025-12-18 12:00:34,733 - INFO - [resad_tabular.py:169] - AP (Average Precision): 0.9845
2025-12-18 12:00:34,733 - INFO - [resad_tabular.py:170] - Accuracy: 0.8537
2025-12-18 12:00:34,733 - INFO - [resad_tabular.py:171] - Test samples: 205
2025-12-18 12:00:34,733 - INFO - [resad_tabular.py:172] - Anomaly ratio: 0.351
2025-12-18 12:00:34,753 - INFO - [resad_tabular.py:250] - Results saved to: results\results_breastw_single_domain_20251218_120034.json
2025-12-18 12:00:34,753 - INFO - [resad_tabular.py:251] - Summary saved to: results\results.csv
2025-12-18 12:00:34,753 - INFO - [resad_tabular.py:252] - === EXPERIMENT COMPLETED ===
