2025-12-16 20:52:57,445 - INFO - [resad_tabular.py:58] - === ResAD Tabular Experiment Started ===
2025-12-16 20:52:57,446 - INFO - [resad_tabular.py:59] - Log file: logs\resad_tabular_20251216_205257.log
2025-12-16 20:52:57,448 - INFO - [resad_tabular.py:408] - Using device: cpu
2025-12-16 20:52:57,448 - INFO - [resad_tabular.py:409] - Experiment mode: cross_domain
2025-12-16 20:52:57,448 - INFO - [resad_tabular.py:412] - Loading datasets...
2025-12-16 20:52:57,448 - INFO - [resad_tabular.py:438] - Cross domain experiment:
2025-12-16 20:52:57,448 - INFO - [resad_tabular.py:439] -   Source datasets: ['breastw']
2025-12-16 20:52:57,449 - INFO - [resad_tabular.py:440] -   Target dataset: wdbc
2025-12-16 20:52:57,460 - INFO - [resad_tabular.py:451] - Dataset Information:
2025-12-16 20:52:57,460 - INFO - [resad_tabular.py:452] - Train (source combined): {'dataset_name': 'breastw', 'split': 'train', 'shape': (478, 9), 'anomaly_ratio': '0.349', 'normal_samples': np.int64(311), 'anomaly_samples': np.int64(167), 'feature_names': ['feature_0', 'feature_1', 'feature_2', 'feature_3', 'feature_4', '...'], 'normalized': True, 'categorical_features': 0}
2025-12-16 20:52:57,460 - INFO - [resad_tabular.py:453] - Test (target): {'dataset_name': 'wdbc', 'split': 'test', 'shape': (111, 30), 'anomaly_ratio': '0.027', 'normal_samples': np.int64(108), 'anomaly_samples': np.int64(3), 'feature_names': ['feature_0', 'feature_1', 'feature_2', 'feature_3', 'feature_4', '...'], 'normalized': True, 'categorical_features': 0}
2025-12-16 20:52:57,460 - INFO - [resad_tabular.py:465] - Initializing ResAD model...
2025-12-16 20:52:57,460 - INFO - [resad_tabular.py:466] - Model configuration:
2025-12-16 20:52:57,460 - INFO - [resad_tabular.py:467] -   - Use multiscale: False
2025-12-16 20:52:57,461 - INFO - [resad_tabular.py:468] -   - Constraintor type: residual
2025-12-16 20:52:57,461 - INFO - [resad_tabular.py:469] -   - Estimator type: normal
2025-12-16 20:52:57,461 - INFO - [resad_tabular.py:470] -   - Training epochs: 1
2025-12-16 20:52:57,461 - INFO - [resad_tabular.py:471] -   - Learning rate: 0.001
2025-12-16 20:52:57,465 - INFO - [resad_tabular.py:475] - Starting model training...
2025-12-16 20:53:18,323 - INFO - [resad_tabular.py:223] - Fitting feature extractor with 311 normal samples
2025-12-16 20:53:18,324 - INFO - [resad_tabular.py:146] - Fitting TabPFN feature extractor with 311 training samples
2025-12-16 20:53:18,325 - INFO - [resad_tabular.py:151] - Initializing constraintor and estimator modules
2025-12-16 20:53:24,848 - INFO - [resad_tabular.py:154] - Feature extractor fitted. Embedding dimension: 192
2025-12-16 20:53:24,849 - INFO - [resad_tabular.py:225] - Feature extractor fitted successfully
2025-12-16 20:53:24,849 - INFO - [resad_tabular.py:228] - Pre-computing embeddings for training data...
2025-12-16 20:54:11,465 - INFO - [resad_tabular.py:245] - Total embeddings shape: torch.Size([2488, 192])
2025-12-16 20:54:11,465 - INFO - [resad_tabular.py:246] - Total labels shape: torch.Size([478])
2025-12-16 20:54:11,465 - INFO - [resad_tabular.py:247] - Total samples: embeddings=2488, labels=478
