2025-12-18 12:45:14,723 - INFO - [resad_tabular.py:63] - === ResAD Tabular Experiment Started ===
2025-12-18 12:45:14,723 - INFO - [resad_tabular.py:64] - Log file: logs\resad_tabular_20251218_124514.log
2025-12-18 12:45:14,726 - INFO - [resad_tabular.py:75] - Using device: cuda
2025-12-18 12:45:14,727 - INFO - [resad_tabular.py:76] - Experiment mode: cross_domain
2025-12-18 12:45:14,727 - INFO - [resad_tabular.py:79] - Loading datasets...
2025-12-18 12:45:14,727 - INFO - [resad_tabular.py:105] - Cross domain experiment:
2025-12-18 12:45:14,728 - INFO - [resad_tabular.py:106] -   Source datasets: ['breastw']
2025-12-18 12:45:14,728 - INFO - [resad_tabular.py:107] -   Target dataset: wdbc
2025-12-18 12:45:14,740 - INFO - [resad_tabular.py:118] - Dataset Information:
2025-12-18 12:45:14,740 - INFO - [resad_tabular.py:119] - Train (source combined): {'dataset_name': 'breastw', 'split': 'train', 'shape': (478, 9), 'anomaly_ratio': '0.349', 'normal_samples': np.int64(311), 'anomaly_samples': np.int64(167), 'feature_names': ['feature_0', 'feature_1', 'feature_2', 'feature_3', 'feature_4', '...'], 'normalized': True, 'categorical_features': 0}
2025-12-18 12:45:14,741 - INFO - [resad_tabular.py:120] - Test (target): {'dataset_name': 'wdbc', 'split': 'test', 'shape': (111, 30), 'anomaly_ratio': '0.027', 'normal_samples': np.int64(108), 'anomaly_samples': np.int64(3), 'feature_names': ['feature_0', 'feature_1', 'feature_2', 'feature_3', 'feature_4', '...'], 'normalized': True, 'categorical_features': 0}
2025-12-18 12:45:14,742 - INFO - [resad_tabular.py:132] - Initializing ResAD model...
2025-12-18 12:45:14,742 - INFO - [resad_tabular.py:133] - Model configuration:
2025-12-18 12:45:14,743 - INFO - [resad_tabular.py:134] -   - Feature extractor: padding
2025-12-18 12:45:14,743 - INFO - [resad_tabular.py:136] -   - Padding mode: zero
2025-12-18 12:45:14,744 - INFO - [resad_tabular.py:137] -   - Use multiscale: False
2025-12-18 12:45:14,744 - INFO - [resad_tabular.py:138] -   - Constraintor type: residual
2025-12-18 12:45:14,744 - INFO - [resad_tabular.py:139] -   - Estimator type: normal
2025-12-18 12:45:14,745 - INFO - [resad_tabular.py:140] -   - Training epochs: 100
2025-12-18 12:45:14,745 - INFO - [resad_tabular.py:141] -   - Learning rate: 0.001
2025-12-18 12:45:14,746 - INFO - [resad_tabular.py:145] - Starting model training...
2025-12-18 12:45:42,880 - INFO - [resad_model.py:192] - Fitting feature extractor with 311 normal samples
2025-12-18 12:45:42,880 - INFO - [resad_model.py:115] - Fitting TabPFN feature extractor with 311 training samples
2025-12-18 12:45:42,883 - INFO - [resad_model.py:120] - Initializing constraintor and estimator modules
2025-12-18 12:45:42,891 - INFO - [resad_model.py:123] - Feature extractor fitted. Embedding dimension: 192
2025-12-18 12:45:42,892 - INFO - [resad_model.py:194] - Feature extractor fitted successfully
2025-12-18 12:45:42,893 - INFO - [resad_model.py:197] - Pre-computing embeddings for training data...
2025-12-18 12:46:10,978 - INFO - [resad_model.py:208] - Batch 0: features shape=(64, 9), embeddings shape=torch.Size([64, 192]), labels shape=(64,)
2025-12-18 12:46:10,980 - INFO - [resad_model.py:208] - Batch 1: features shape=(64, 9), embeddings shape=torch.Size([64, 192]), labels shape=(64,)
2025-12-18 12:46:10,981 - INFO - [resad_model.py:208] - Batch 2: features shape=(64, 9), embeddings shape=torch.Size([64, 192]), labels shape=(64,)
2025-12-18 12:46:10,982 - INFO - [resad_model.py:208] - Batch 3: features shape=(64, 9), embeddings shape=torch.Size([64, 192]), labels shape=(64,)
2025-12-18 12:46:10,983 - INFO - [resad_model.py:208] - Batch 4: features shape=(64, 9), embeddings shape=torch.Size([64, 192]), labels shape=(64,)
2025-12-18 12:46:10,984 - INFO - [resad_model.py:208] - Batch 5: features shape=(64, 9), embeddings shape=torch.Size([64, 192]), labels shape=(64,)
2025-12-18 12:46:10,985 - INFO - [resad_model.py:208] - Batch 6: features shape=(64, 9), embeddings shape=torch.Size([64, 192]), labels shape=(64,)
2025-12-18 12:46:10,986 - INFO - [resad_model.py:208] - Batch 7: features shape=(30, 9), embeddings shape=torch.Size([30, 192]), labels shape=(30,)
2025-12-18 12:46:12,138 - INFO - [resad_model.py:216] - Total embeddings shape: torch.Size([478, 192])
2025-12-18 12:46:12,138 - INFO - [resad_model.py:217] - Total labels shape: torch.Size([478])
2025-12-18 12:46:12,139 - INFO - [resad_model.py:218] - Total samples: embeddings=478, labels=478
2025-12-18 12:46:12,140 - INFO - [resad_model.py:224] - Normal embeddings shape for constraintor training: torch.Size([311, 192])
2025-12-18 12:46:12,140 - INFO - [resad_model.py:227] - Starting feature constraintor training...
2025-12-18 12:46:14,947 - INFO - [resad_model.py:282] - Epoch 10: Average Loss = 0.108501
2025-12-18 12:46:15,691 - INFO - [resad_model.py:282] - Epoch 20: Average Loss = 0.082956
2025-12-18 12:46:16,312 - INFO - [resad_model.py:282] - Epoch 30: Average Loss = 0.073957
2025-12-18 12:46:16,916 - INFO - [resad_model.py:282] - Epoch 40: Average Loss = 0.067454
2025-12-18 12:46:17,417 - INFO - [resad_model.py:282] - Epoch 50: Average Loss = 0.072592
2025-12-18 12:46:17,936 - INFO - [resad_model.py:282] - Epoch 60: Average Loss = 0.066235
2025-12-18 12:46:18,484 - INFO - [resad_model.py:282] - Epoch 70: Average Loss = 0.061728
2025-12-18 12:46:19,018 - INFO - [resad_model.py:282] - Epoch 80: Average Loss = 0.062824
