2025-12-16 20:40:24,479 - INFO - [resad_tabular.py:58] - === ResAD Tabular Experiment Started ===
2025-12-16 20:40:24,479 - INFO - [resad_tabular.py:59] - Log file: logs\resad_tabular_20251216_204024.log
2025-12-16 20:40:24,481 - INFO - [resad_tabular.py:373] - Using device: cpu
2025-12-16 20:40:24,481 - INFO - [resad_tabular.py:374] - Experiment mode: cross_domain
2025-12-16 20:40:24,481 - INFO - [resad_tabular.py:377] - Loading datasets...
2025-12-16 20:40:24,481 - INFO - [resad_tabular.py:403] - Cross domain experiment:
2025-12-16 20:40:24,481 - INFO - [resad_tabular.py:404] -   Source datasets: ['breastw']
2025-12-16 20:40:24,483 - INFO - [resad_tabular.py:405] -   Target dataset: wdbc
2025-12-16 20:40:24,493 - INFO - [resad_tabular.py:416] - Dataset Information:
2025-12-16 20:40:24,493 - INFO - [resad_tabular.py:417] - Train (source combined): {'dataset_name': 'breastw', 'split': 'train', 'shape': (478, 9), 'anomaly_ratio': '0.349', 'normal_samples': np.int64(311), 'anomaly_samples': np.int64(167), 'feature_names': ['feature_0', 'feature_1', 'feature_2', 'feature_3', 'feature_4', '...'], 'normalized': True, 'categorical_features': 0}
2025-12-16 20:40:24,493 - INFO - [resad_tabular.py:418] - Test (target): {'dataset_name': 'wdbc', 'split': 'test', 'shape': (111, 30), 'anomaly_ratio': '0.027', 'normal_samples': np.int64(108), 'anomaly_samples': np.int64(3), 'feature_names': ['feature_0', 'feature_1', 'feature_2', 'feature_3', 'feature_4', '...'], 'normalized': True, 'categorical_features': 0}
2025-12-16 20:40:24,493 - INFO - [resad_tabular.py:430] - Initializing ResAD model...
2025-12-16 20:40:24,494 - INFO - [resad_tabular.py:431] - Model configuration:
2025-12-16 20:40:24,494 - INFO - [resad_tabular.py:432] -   - Use multiscale: False
2025-12-16 20:40:24,494 - INFO - [resad_tabular.py:433] -   - Constraintor type: residual
2025-12-16 20:40:24,494 - INFO - [resad_tabular.py:434] -   - Estimator type: normal
2025-12-16 20:40:24,494 - INFO - [resad_tabular.py:435] -   - Training epochs: 1
2025-12-16 20:40:24,494 - INFO - [resad_tabular.py:436] -   - Learning rate: 0.001
2025-12-16 20:40:24,498 - INFO - [resad_tabular.py:440] - Starting model training...
2025-12-16 20:40:45,746 - INFO - [resad_tabular.py:223] - Fitting feature extractor with 311 normal samples
2025-12-16 20:40:45,746 - INFO - [resad_tabular.py:146] - Fitting TabPFN feature extractor with 311 training samples
2025-12-16 20:40:45,747 - INFO - [resad_tabular.py:151] - Initializing constraintor and estimator modules
2025-12-16 20:40:51,296 - INFO - [resad_tabular.py:154] - Feature extractor fitted. Embedding dimension: 192
2025-12-16 20:40:51,296 - INFO - [resad_tabular.py:225] - Feature extractor fitted successfully
2025-12-16 20:40:51,297 - INFO - [resad_tabular.py:228] - Starting feature constraintor training...
2025-12-16 20:41:37,506 - INFO - [resad_tabular.py:284] - Feature constraintor training completed
2025-12-16 20:41:37,506 - INFO - [resad_tabular.py:287] - Starting distribution estimator fitting...
2025-12-16 20:41:40,233 - INFO - [resad_tabular.py:290] - Distribution estimator fitted successfully
2025-12-16 20:41:40,233 - INFO - [resad_tabular.py:293] - ResAD training completed successfully!
2025-12-16 20:41:40,233 - INFO - [resad_tabular.py:444] - Evaluating model on test set...
2025-12-16 20:41:40,233 - INFO - [resad_tabular.py:355] - Predicting anomaly scores for DataLoader batches
