2025-12-16 20:42:42,355 - INFO - [resad_tabular.py:58] - === ResAD Tabular Experiment Started ===
2025-12-16 20:42:42,355 - INFO - [resad_tabular.py:59] - Log file: logs\resad_tabular_20251216_204242.log
2025-12-16 20:42:42,359 - INFO - [resad_tabular.py:373] - Using device: cpu
2025-12-16 20:42:42,359 - INFO - [resad_tabular.py:374] - Experiment mode: cross_domain
2025-12-16 20:42:42,359 - INFO - [resad_tabular.py:377] - Loading datasets...
2025-12-16 20:42:42,360 - INFO - [resad_tabular.py:403] - Cross domain experiment:
2025-12-16 20:42:42,360 - INFO - [resad_tabular.py:404] -   Source datasets: ['pima']
2025-12-16 20:42:42,361 - INFO - [resad_tabular.py:405] -   Target dataset: breastw
2025-12-16 20:42:42,372 - INFO - [resad_tabular.py:416] - Dataset Information:
2025-12-16 20:42:42,372 - INFO - [resad_tabular.py:417] - Train (source combined): {'dataset_name': 'pima', 'split': 'train', 'shape': (537, 8), 'anomaly_ratio': '0.348', 'normal_samples': np.int64(350), 'anomaly_samples': np.int64(187), 'feature_names': ['feature_0', 'feature_1', 'feature_2', 'feature_3', 'feature_4', '...'], 'normalized': True, 'categorical_features': 0}
2025-12-16 20:42:42,373 - INFO - [resad_tabular.py:418] - Test (target): {'dataset_name': 'breastw', 'split': 'test', 'shape': (205, 9), 'anomaly_ratio': '0.351', 'normal_samples': np.int64(133), 'anomaly_samples': np.int64(72), 'feature_names': ['feature_0', 'feature_1', 'feature_2', 'feature_3', 'feature_4', '...'], 'normalized': True, 'categorical_features': 0}
2025-12-16 20:42:42,374 - INFO - [resad_tabular.py:430] - Initializing ResAD model...
2025-12-16 20:42:42,374 - INFO - [resad_tabular.py:431] - Model configuration:
2025-12-16 20:42:42,374 - INFO - [resad_tabular.py:432] -   - Use multiscale: False
2025-12-16 20:42:42,374 - INFO - [resad_tabular.py:433] -   - Constraintor type: residual
2025-12-16 20:42:42,375 - INFO - [resad_tabular.py:434] -   - Estimator type: normal
2025-12-16 20:42:42,375 - INFO - [resad_tabular.py:435] -   - Training epochs: 2
2025-12-16 20:42:42,376 - INFO - [resad_tabular.py:436] -   - Learning rate: 0.001
2025-12-16 20:42:42,380 - INFO - [resad_tabular.py:440] - Starting model training...
2025-12-16 20:43:02,076 - INFO - [resad_tabular.py:223] - Fitting feature extractor with 350 normal samples
2025-12-16 20:43:02,076 - INFO - [resad_tabular.py:146] - Fitting TabPFN feature extractor with 350 training samples
2025-12-16 20:43:02,078 - INFO - [resad_tabular.py:151] - Initializing constraintor and estimator modules
2025-12-16 20:43:09,131 - INFO - [resad_tabular.py:154] - Feature extractor fitted. Embedding dimension: 192
2025-12-16 20:43:09,133 - INFO - [resad_tabular.py:225] - Feature extractor fitted successfully
2025-12-16 20:43:09,133 - INFO - [resad_tabular.py:228] - Starting feature constraintor training...
2025-12-16 20:44:38,170 - INFO - [resad_tabular.py:284] - Feature constraintor training completed
2025-12-16 20:44:38,171 - INFO - [resad_tabular.py:287] - Starting distribution estimator fitting...
2025-12-16 20:44:40,840 - INFO - [resad_tabular.py:290] - Distribution estimator fitted successfully
2025-12-16 20:44:40,840 - INFO - [resad_tabular.py:293] - ResAD training completed successfully!
2025-12-16 20:44:40,846 - INFO - [resad_tabular.py:444] - Evaluating model on test set...
2025-12-16 20:44:40,846 - INFO - [resad_tabular.py:355] - Predicting anomaly scores for DataLoader batches
