2025-12-17 09:53:27,917 - INFO - [resad_tabular.py:62] - === ResAD Tabular Experiment Started ===
2025-12-17 09:53:27,918 - INFO - [resad_tabular.py:63] - Log file: logs\resad_tabular_20251217_095327.log
2025-12-17 09:53:27,922 - INFO - [resad_tabular.py:74] - Using device: cpu
2025-12-17 09:53:27,923 - INFO - [resad_tabular.py:75] - Experiment mode: cross_domain
2025-12-17 09:53:27,923 - INFO - [resad_tabular.py:78] - Loading datasets...
2025-12-17 09:53:27,924 - INFO - [resad_tabular.py:104] - Cross domain experiment:
2025-12-17 09:53:27,924 - INFO - [resad_tabular.py:105] -   Source datasets: ['breastw']
2025-12-17 09:53:27,925 - INFO - [resad_tabular.py:106] -   Target dataset: wdbc
2025-12-17 09:53:27,937 - INFO - [resad_tabular.py:117] - Dataset Information:
2025-12-17 09:53:27,938 - INFO - [resad_tabular.py:118] - Train (source combined): {'dataset_name': 'breastw', 'split': 'train', 'shape': (478, 9), 'anomaly_ratio': '0.349', 'normal_samples': np.int64(311), 'anomaly_samples': np.int64(167), 'feature_names': ['feature_0', 'feature_1', 'feature_2', 'feature_3', 'feature_4', '...'], 'normalized': True, 'categorical_features': 0}
2025-12-17 09:53:27,938 - INFO - [resad_tabular.py:119] - Test (target): {'dataset_name': 'wdbc', 'split': 'test', 'shape': (111, 30), 'anomaly_ratio': '0.027', 'normal_samples': np.int64(108), 'anomaly_samples': np.int64(3), 'feature_names': ['feature_0', 'feature_1', 'feature_2', 'feature_3', 'feature_4', '...'], 'normalized': True, 'categorical_features': 0}
2025-12-17 09:53:27,939 - INFO - [resad_tabular.py:131] - Initializing ResAD model...
2025-12-17 09:53:27,939 - INFO - [resad_tabular.py:132] - Model configuration:
2025-12-17 09:53:27,940 - INFO - [resad_tabular.py:133] -   - Use multiscale: False
2025-12-17 09:53:27,940 - INFO - [resad_tabular.py:134] -   - Constraintor type: residual
2025-12-17 09:53:27,941 - INFO - [resad_tabular.py:135] -   - Estimator type: normal
2025-12-17 09:53:27,941 - INFO - [resad_tabular.py:136] -   - Training epochs: 2
2025-12-17 09:53:27,941 - INFO - [resad_tabular.py:137] -   - Learning rate: 0.001
2025-12-17 09:53:27,946 - INFO - [resad_tabular.py:141] - Starting model training...
2025-12-17 09:53:48,325 - INFO - [resad_model.py:176] - Fitting feature extractor with 311 normal samples
2025-12-17 09:53:48,325 - INFO - [resad_model.py:99] - Fitting TabPFN feature extractor with 311 training samples
2025-12-17 09:53:48,329 - INFO - [resad_model.py:104] - Initializing constraintor and estimator modules
2025-12-17 09:53:55,937 - INFO - [resad_model.py:107] - Feature extractor fitted. Embedding dimension: 192
2025-12-17 09:53:55,939 - INFO - [resad_model.py:178] - Feature extractor fitted successfully
2025-12-17 09:53:55,939 - INFO - [resad_model.py:181] - Pre-computing embeddings for training data...
2025-12-17 09:54:15,709 - INFO - [resad_model.py:192] - Batch 0: features shape=(64, 9), embeddings shape=torch.Size([64, 192]), labels shape=(64,)
2025-12-17 09:54:16,263 - INFO - [resad_model.py:192] - Batch 1: features shape=(64, 9), embeddings shape=torch.Size([64, 192]), labels shape=(64,)
2025-12-17 09:54:16,810 - INFO - [resad_model.py:192] - Batch 2: features shape=(64, 9), embeddings shape=torch.Size([64, 192]), labels shape=(64,)
2025-12-17 09:54:17,499 - INFO - [resad_model.py:192] - Batch 3: features shape=(64, 9), embeddings shape=torch.Size([64, 192]), labels shape=(64,)
2025-12-17 09:54:18,048 - INFO - [resad_model.py:192] - Batch 4: features shape=(64, 9), embeddings shape=torch.Size([64, 192]), labels shape=(64,)
2025-12-17 09:54:18,600 - INFO - [resad_model.py:192] - Batch 5: features shape=(64, 9), embeddings shape=torch.Size([64, 192]), labels shape=(64,)
2025-12-17 09:54:19,138 - INFO - [resad_model.py:192] - Batch 6: features shape=(64, 9), embeddings shape=torch.Size([64, 192]), labels shape=(64,)
2025-12-17 09:54:19,663 - INFO - [resad_model.py:192] - Batch 7: features shape=(30, 9), embeddings shape=torch.Size([30, 192]), labels shape=(30,)
2025-12-17 09:54:20,280 - INFO - [resad_model.py:200] - Total embeddings shape: torch.Size([478, 192])
2025-12-17 09:54:20,280 - INFO - [resad_model.py:201] - Total labels shape: torch.Size([478])
2025-12-17 09:54:20,281 - INFO - [resad_model.py:202] - Total samples: embeddings=478, labels=478
2025-12-17 09:54:20,281 - INFO - [resad_model.py:208] - Normal embeddings shape for constraintor training: torch.Size([311, 192])
2025-12-17 09:54:20,282 - INFO - [resad_model.py:211] - Starting feature constraintor training...
2025-12-17 09:54:20,363 - INFO - [resad_model.py:268] - Feature constraintor training completed
2025-12-17 09:54:20,363 - INFO - [resad_model.py:271] - Starting distribution estimator fitting...
2025-12-17 09:54:20,369 - INFO - [resad_model.py:280] - Distribution estimator fitted successfully
2025-12-17 09:54:20,369 - INFO - [resad_model.py:283] - ResAD training completed successfully!
2025-12-17 09:54:20,371 - INFO - [resad_tabular.py:145] - Evaluating model on test set...
2025-12-17 09:54:20,371 - INFO - [resad_model.py:345] - Predicting anomaly scores for DataLoader batches
2025-12-17 09:54:40,306 - INFO - [resad_model.py:352] - Predicted scores for 111 total samples
2025-12-17 09:54:59,290 - INFO - [resad_tabular.py:158] - === EXPERIMENT RESULTS ===
2025-12-17 09:54:59,291 - INFO - [resad_tabular.py:159] - AUC (Area Under ROC Curve): 0.4599
2025-12-17 09:54:59,293 - INFO - [resad_tabular.py:160] - AP (Average Precision): 0.0370
2025-12-17 09:54:59,293 - INFO - [resad_tabular.py:161] - Test samples: 111
2025-12-17 09:54:59,295 - INFO - [resad_tabular.py:162] - Anomaly ratio: 0.027
2025-12-17 09:54:59,297 - INFO - [resad_tabular.py:195] - Results saved to: results\results_cross_breastw_to_wdbc_20251217_095459.json
2025-12-17 09:54:59,297 - INFO - [resad_tabular.py:196] - === EXPERIMENT COMPLETED ===
