2025-12-18 12:42:10,948 - INFO - [resad_tabular.py:63] - === ResAD Tabular Experiment Started ===
2025-12-18 12:42:10,948 - INFO - [resad_tabular.py:64] - Log file: logs\resad_tabular_20251218_124210.log
2025-12-18 12:42:10,951 - INFO - [resad_tabular.py:75] - Using device: cuda
2025-12-18 12:42:10,952 - INFO - [resad_tabular.py:76] - Experiment mode: cross_domain
2025-12-18 12:42:10,952 - INFO - [resad_tabular.py:79] - Loading datasets...
2025-12-18 12:42:10,953 - INFO - [resad_tabular.py:105] - Cross domain experiment:
2025-12-18 12:42:10,953 - INFO - [resad_tabular.py:106] -   Source datasets: ['breastw']
2025-12-18 12:42:10,955 - INFO - [resad_tabular.py:107] -   Target dataset: wdbc
2025-12-18 12:42:10,967 - INFO - [resad_tabular.py:118] - Dataset Information:
2025-12-18 12:42:10,968 - INFO - [resad_tabular.py:119] - Train (source combined): {'dataset_name': 'breastw', 'split': 'train', 'shape': (478, 9), 'anomaly_ratio': '0.349', 'normal_samples': np.int64(311), 'anomaly_samples': np.int64(167), 'feature_names': ['feature_0', 'feature_1', 'feature_2', 'feature_3', 'feature_4', '...'], 'normalized': True, 'categorical_features': 0}
2025-12-18 12:42:10,968 - INFO - [resad_tabular.py:120] - Test (target): {'dataset_name': 'wdbc', 'split': 'test', 'shape': (111, 30), 'anomaly_ratio': '0.027', 'normal_samples': np.int64(108), 'anomaly_samples': np.int64(3), 'feature_names': ['feature_0', 'feature_1', 'feature_2', 'feature_3', 'feature_4', '...'], 'normalized': True, 'categorical_features': 0}
2025-12-18 12:42:10,969 - INFO - [resad_tabular.py:132] - Initializing ResAD model...
2025-12-18 12:42:10,969 - INFO - [resad_tabular.py:133] - Model configuration:
2025-12-18 12:42:10,970 - INFO - [resad_tabular.py:134] -   - Feature extractor: padding
2025-12-18 12:42:10,970 - INFO - [resad_tabular.py:136] -   - Padding mode: zero
2025-12-18 12:42:10,970 - INFO - [resad_tabular.py:137] -   - Use multiscale: False
2025-12-18 12:42:10,971 - INFO - [resad_tabular.py:138] -   - Constraintor type: residual
2025-12-18 12:42:10,971 - INFO - [resad_tabular.py:139] -   - Estimator type: normal
2025-12-18 12:42:10,971 - INFO - [resad_tabular.py:140] -   - Training epochs: 20
2025-12-18 12:42:10,972 - INFO - [resad_tabular.py:141] -   - Learning rate: 0.001
2025-12-18 12:42:10,972 - INFO - [resad_tabular.py:145] - Starting model training...
