2025-12-18 12:21:39,646 - INFO - [resad_tabular.py:63] - === ResAD Tabular Experiment Started ===
2025-12-18 12:21:39,646 - INFO - [resad_tabular.py:64] - Log file: logs\resad_tabular_20251218_122139.log
2025-12-18 12:21:39,649 - INFO - [resad_tabular.py:75] - Using device: cpu
2025-12-18 12:21:39,649 - INFO - [resad_tabular.py:76] - Experiment mode: cross_domain
2025-12-18 12:21:39,649 - INFO - [resad_tabular.py:79] - Loading datasets...
2025-12-18 12:21:39,649 - INFO - [resad_tabular.py:105] - Cross domain experiment:
2025-12-18 12:21:39,649 - INFO - [resad_tabular.py:106] -   Source datasets: ['breastw']
2025-12-18 12:21:39,650 - INFO - [resad_tabular.py:107] -   Target dataset: pima
2025-12-18 12:21:39,674 - INFO - [resad_tabular.py:118] - Dataset Information:
2025-12-18 12:21:39,674 - INFO - [resad_tabular.py:119] - Train (source combined): {'dataset_name': 'breastw', 'split': 'train', 'shape': (478, 9), 'anomaly_ratio': '0.349', 'normal_samples': np.int64(311), 'anomaly_samples': np.int64(167), 'feature_names': ['feature_0', 'feature_1', 'feature_2', 'feature_3', 'feature_4', '...'], 'normalized': True, 'categorical_features': 0}
2025-12-18 12:21:39,675 - INFO - [resad_tabular.py:120] - Test (target): {'dataset_name': 'pima', 'split': 'test', 'shape': (231, 8), 'anomaly_ratio': '0.351', 'normal_samples': np.int64(150), 'anomaly_samples': np.int64(81), 'feature_names': ['feature_0', 'feature_1', 'feature_2', 'feature_3', 'feature_4', '...'], 'normalized': True, 'categorical_features': 0}
2025-12-18 12:21:39,675 - INFO - [resad_tabular.py:132] - Initializing ResAD model...
2025-12-18 12:21:39,675 - INFO - [resad_tabular.py:133] - Model configuration:
2025-12-18 12:21:39,675 - INFO - [resad_tabular.py:134] -   - Feature extractor: tabpfn
2025-12-18 12:21:39,675 - INFO - [resad_tabular.py:137] -   - Use multiscale: False
2025-12-18 12:21:39,675 - INFO - [resad_tabular.py:138] -   - Constraintor type: residual
2025-12-18 12:21:39,675 - INFO - [resad_tabular.py:139] -   - Estimator type: normal
2025-12-18 12:21:39,675 - INFO - [resad_tabular.py:140] -   - Training epochs: 2
2025-12-18 12:21:39,675 - INFO - [resad_tabular.py:141] -   - Learning rate: 0.001
2025-12-18 12:21:39,680 - INFO - [resad_tabular.py:145] - Starting model training...
2025-12-18 12:22:03,892 - INFO - [resad_model.py:192] - Fitting feature extractor with 311 normal samples
2025-12-18 12:22:03,892 - INFO - [resad_model.py:115] - Fitting TabPFN feature extractor with 311 training samples
2025-12-18 12:22:03,893 - INFO - [resad_model.py:120] - Initializing constraintor and estimator modules
2025-12-18 12:22:10,625 - INFO - [resad_model.py:123] - Feature extractor fitted. Embedding dimension: 192
2025-12-18 12:22:10,625 - INFO - [resad_model.py:194] - Feature extractor fitted successfully
2025-12-18 12:22:10,625 - INFO - [resad_model.py:197] - Pre-computing embeddings for training data...
2025-12-18 12:22:32,423 - INFO - [resad_model.py:208] - Batch 0: features shape=(64, 9), embeddings shape=torch.Size([64, 192]), labels shape=(64,)
2025-12-18 12:22:33,198 - INFO - [resad_model.py:208] - Batch 1: features shape=(64, 9), embeddings shape=torch.Size([64, 192]), labels shape=(64,)
2025-12-18 12:22:33,795 - INFO - [resad_model.py:208] - Batch 2: features shape=(64, 9), embeddings shape=torch.Size([64, 192]), labels shape=(64,)
2025-12-18 12:22:34,405 - INFO - [resad_model.py:208] - Batch 3: features shape=(64, 9), embeddings shape=torch.Size([64, 192]), labels shape=(64,)
2025-12-18 12:22:35,030 - INFO - [resad_model.py:208] - Batch 4: features shape=(64, 9), embeddings shape=torch.Size([64, 192]), labels shape=(64,)
2025-12-18 12:22:35,674 - INFO - [resad_model.py:208] - Batch 5: features shape=(64, 9), embeddings shape=torch.Size([64, 192]), labels shape=(64,)
2025-12-18 12:22:36,361 - INFO - [resad_model.py:208] - Batch 6: features shape=(64, 9), embeddings shape=torch.Size([64, 192]), labels shape=(64,)
2025-12-18 12:22:36,917 - INFO - [resad_model.py:208] - Batch 7: features shape=(30, 9), embeddings shape=torch.Size([30, 192]), labels shape=(30,)
2025-12-18 12:22:37,776 - INFO - [resad_model.py:216] - Total embeddings shape: torch.Size([478, 192])
2025-12-18 12:22:37,777 - INFO - [resad_model.py:217] - Total labels shape: torch.Size([478])
2025-12-18 12:22:37,777 - INFO - [resad_model.py:218] - Total samples: embeddings=478, labels=478
2025-12-18 12:22:37,777 - INFO - [resad_model.py:224] - Normal embeddings shape for constraintor training: torch.Size([311, 192])
2025-12-18 12:22:37,777 - INFO - [resad_model.py:227] - Starting feature constraintor training...
2025-12-18 12:22:37,859 - INFO - [resad_model.py:284] - Feature constraintor training completed
2025-12-18 12:22:37,859 - INFO - [resad_model.py:287] - Starting distribution estimator fitting...
2025-12-18 12:22:37,862 - INFO - [resad_model.py:296] - Distribution estimator fitted successfully
2025-12-18 12:22:37,863 - INFO - [resad_model.py:299] - ResAD training completed successfully!
2025-12-18 12:22:37,863 - INFO - [resad_tabular.py:149] - Evaluating model on test set...
2025-12-18 12:22:37,863 - INFO - [resad_model.py:361] - Predicting anomaly scores for DataLoader batches
2025-12-18 12:22:59,868 - INFO - [resad_model.py:368] - Predicted scores for 231 total samples
2025-12-18 12:23:25,016 - INFO - [resad_tabular.py:167] - === EXPERIMENT RESULTS ===
2025-12-18 12:23:25,016 - INFO - [resad_tabular.py:168] - AUC (Area Under ROC Curve): 0.6003
2025-12-18 12:23:25,016 - INFO - [resad_tabular.py:169] - AP (Average Precision): 0.4273
2025-12-18 12:23:25,016 - INFO - [resad_tabular.py:170] - Accuracy: 0.5758
2025-12-18 12:23:25,016 - INFO - [resad_tabular.py:171] - Test samples: 231
2025-12-18 12:23:25,017 - INFO - [resad_tabular.py:172] - Anomaly ratio: 0.351
2025-12-18 12:23:25,040 - INFO - [resad_tabular.py:250] - Results saved to: results\results_cross_breastw_to_pima_20251218_122325.json
2025-12-18 12:23:25,040 - INFO - [resad_tabular.py:251] - Summary saved to: results\results.csv
2025-12-18 12:23:25,040 - INFO - [resad_tabular.py:252] - === EXPERIMENT COMPLETED ===
