2025-12-18 12:18:59,715 - INFO - [resad_tabular.py:63] - === ResAD Tabular Experiment Started ===
2025-12-18 12:18:59,715 - INFO - [resad_tabular.py:64] - Log file: logs\resad_tabular_20251218_121859.log
2025-12-18 12:18:59,717 - INFO - [resad_tabular.py:75] - Using device: cpu
2025-12-18 12:18:59,717 - INFO - [resad_tabular.py:76] - Experiment mode: cross_domain
2025-12-18 12:18:59,717 - INFO - [resad_tabular.py:79] - Loading datasets...
2025-12-18 12:18:59,717 - INFO - [resad_tabular.py:105] - Cross domain experiment:
2025-12-18 12:18:59,718 - INFO - [resad_tabular.py:106] -   Source datasets: ['breastw']
2025-12-18 12:18:59,719 - INFO - [resad_tabular.py:107] -   Target dataset: wdbc
2025-12-18 12:18:59,730 - INFO - [resad_tabular.py:118] - Dataset Information:
2025-12-18 12:18:59,730 - INFO - [resad_tabular.py:119] - Train (source combined): {'dataset_name': 'breastw', 'split': 'train', 'shape': (478, 9), 'anomaly_ratio': '0.349', 'normal_samples': np.int64(311), 'anomaly_samples': np.int64(167), 'feature_names': ['feature_0', 'feature_1', 'feature_2', 'feature_3', 'feature_4', '...'], 'normalized': True, 'categorical_features': 0}
2025-12-18 12:18:59,730 - INFO - [resad_tabular.py:120] - Test (target): {'dataset_name': 'wdbc', 'split': 'test', 'shape': (111, 30), 'anomaly_ratio': '0.027', 'normal_samples': np.int64(108), 'anomaly_samples': np.int64(3), 'feature_names': ['feature_0', 'feature_1', 'feature_2', 'feature_3', 'feature_4', '...'], 'normalized': True, 'categorical_features': 0}
2025-12-18 12:18:59,731 - INFO - [resad_tabular.py:132] - Initializing ResAD model...
2025-12-18 12:18:59,731 - INFO - [resad_tabular.py:133] - Model configuration:
2025-12-18 12:18:59,731 - INFO - [resad_tabular.py:134] -   - Feature extractor: padding
2025-12-18 12:18:59,731 - INFO - [resad_tabular.py:136] -   - Padding mode: zero
2025-12-18 12:18:59,731 - INFO - [resad_tabular.py:137] -   - Use multiscale: False
2025-12-18 12:18:59,731 - INFO - [resad_tabular.py:138] -   - Constraintor type: residual
2025-12-18 12:18:59,731 - INFO - [resad_tabular.py:139] -   - Estimator type: normal
2025-12-18 12:18:59,731 - INFO - [resad_tabular.py:140] -   - Training epochs: 2
2025-12-18 12:18:59,731 - INFO - [resad_tabular.py:141] -   - Learning rate: 0.001
2025-12-18 12:18:59,732 - INFO - [resad_tabular.py:145] - Starting model training...
2025-12-18 12:19:23,904 - INFO - [resad_model.py:192] - Fitting feature extractor with 311 normal samples
2025-12-18 12:19:23,904 - INFO - [resad_model.py:115] - Fitting TabPFN feature extractor with 311 training samples
2025-12-18 12:19:23,905 - INFO - [resad_model.py:120] - Initializing constraintor and estimator modules
2025-12-18 12:19:23,909 - INFO - [resad_model.py:123] - Feature extractor fitted. Embedding dimension: 192
2025-12-18 12:19:23,910 - INFO - [resad_model.py:194] - Feature extractor fitted successfully
2025-12-18 12:19:23,910 - INFO - [resad_model.py:197] - Pre-computing embeddings for training data...
2025-12-18 12:19:45,789 - INFO - [resad_model.py:208] - Batch 0: features shape=(64, 9), embeddings shape=torch.Size([64, 192]), labels shape=(64,)
2025-12-18 12:19:45,791 - INFO - [resad_model.py:208] - Batch 1: features shape=(64, 9), embeddings shape=torch.Size([64, 192]), labels shape=(64,)
2025-12-18 12:19:45,794 - INFO - [resad_model.py:208] - Batch 2: features shape=(64, 9), embeddings shape=torch.Size([64, 192]), labels shape=(64,)
2025-12-18 12:19:45,795 - INFO - [resad_model.py:208] - Batch 3: features shape=(64, 9), embeddings shape=torch.Size([64, 192]), labels shape=(64,)
2025-12-18 12:19:45,795 - INFO - [resad_model.py:208] - Batch 4: features shape=(64, 9), embeddings shape=torch.Size([64, 192]), labels shape=(64,)
2025-12-18 12:19:45,796 - INFO - [resad_model.py:208] - Batch 5: features shape=(64, 9), embeddings shape=torch.Size([64, 192]), labels shape=(64,)
2025-12-18 12:19:45,797 - INFO - [resad_model.py:208] - Batch 6: features shape=(64, 9), embeddings shape=torch.Size([64, 192]), labels shape=(64,)
2025-12-18 12:19:45,797 - INFO - [resad_model.py:208] - Batch 7: features shape=(30, 9), embeddings shape=torch.Size([30, 192]), labels shape=(30,)
2025-12-18 12:19:46,710 - INFO - [resad_model.py:216] - Total embeddings shape: torch.Size([478, 192])
2025-12-18 12:19:46,711 - INFO - [resad_model.py:217] - Total labels shape: torch.Size([478])
2025-12-18 12:19:46,711 - INFO - [resad_model.py:218] - Total samples: embeddings=478, labels=478
2025-12-18 12:19:46,711 - INFO - [resad_model.py:224] - Normal embeddings shape for constraintor training: torch.Size([311, 192])
2025-12-18 12:19:46,711 - INFO - [resad_model.py:227] - Starting feature constraintor training...
2025-12-18 12:19:48,607 - INFO - [resad_model.py:284] - Feature constraintor training completed
2025-12-18 12:19:48,607 - INFO - [resad_model.py:287] - Starting distribution estimator fitting...
2025-12-18 12:19:48,613 - INFO - [resad_model.py:296] - Distribution estimator fitted successfully
2025-12-18 12:19:48,614 - INFO - [resad_model.py:299] - ResAD training completed successfully!
2025-12-18 12:19:48,614 - INFO - [resad_tabular.py:149] - Evaluating model on test set...
2025-12-18 12:19:48,614 - INFO - [resad_model.py:361] - Predicting anomaly scores for DataLoader batches
